2017-11-21 16:25:12,603+0800 INFO  initexmf - starting: MiKTeX Configuration Utility 2.9.6354 (MiKTeX 2.9.6350)
2017-11-21 16:25:12,610+0800 INFO  initexmf - running: mkfntmap 
2017-11-21 16:30:52,389+0800 INFO  initexmf - starting: MiKTeX Configuration Utility 2.9.6354 (MiKTeX 2.9.6350)
2017-11-21 16:30:52,407+0800 INFO  initexmf - Creating fndb for common root directory (D:\texmfs/config)...
2017-11-21 16:30:52,424+0800 INFO  initexmf - Creating fndb for common root directory (D:\texmfs/data)...
2017-11-21 16:30:52,442+0800 INFO  initexmf - Creating fndb for common root directory (D:\texmfs\install)...
2017-11-21 16:30:57,339+0800 INFO  initexmf - starting: MiKTeX Configuration Utility 2.9.6354 (MiKTeX 2.9.6350)
2017-11-21 16:30:57,656+0800 INFO  initexmf - starting: MiKTeX Configuration Utility 2.9.6354 (MiKTeX 2.9.6350)
2017-11-21 16:30:57,663+0800 INFO  initexmf - Creating language.dat, language.dat.lua and language.def...
2017-11-21 16:30:57,682+0800 INFO  initexmf - running: mkfntmap --verbose
2017-11-21 16:38:44,351+0800 INFO  initexmf - starting: MiKTeX Configuration Utility 2.9.6354 (MiKTeX 2.9.6350)
2017-11-21 16:38:44,389+0800 INFO  initexmf - running: mkfntmap 
2017-11-21 16:39:01,810+0800 INFO  initexmf - starting: MiKTeX Configuration Utility 2.9.6354 (MiKTeX 2.9.6350)
2017-11-21 16:39:01,859+0800 INFO  initexmf - running: mkfntmap 
2017-11-21 16:41:21,352+0800 INFO  initexmf - starting: MiKTeX Configuration Utility 2.9.6354 (MiKTeX 2.9.6350)
2017-11-21 16:41:21,403+0800 INFO  initexmf - running: mkfntmap 
2017-11-21 17:45:15,698+0800 INFO  initexmf - starting: MiKTeX Configuration Utility 2.9.6354 (MiKTeX 2.9.6350)
2017-11-21 17:45:15,792+0800 INFO  initexmf - running: mkfntmap 
2017-11-21 17:46:31,797+0800 INFO  initexmf - starting: MiKTeX Configuration Utility 2.9.6354 (MiKTeX 2.9.6350)
2017-11-21 17:46:33,511+0800 INFO  initexmf - running: mkfntmap 
2017-11-21 17:49:33,613+0800 INFO  initexmf - starting: MiKTeX Configuration Utility 2.9.6354 (MiKTeX 2.9.6350)
2017-11-21 17:49:33,644+0800 INFO  initexmf - running: mkfntmap 
2017-11-21 17:50:38,901+0800 INFO  initexmf - starting: MiKTeX Configuration Utility 2.9.6354 (MiKTeX 2.9.6350)
2017-11-21 17:50:38,948+0800 INFO  initexmf - running: mkfntmap 
2017-11-21 17:51:08,406+0800 INFO  initexmf - starting: MiKTeX Configuration Utility 2.9.6354 (MiKTeX 2.9.6350)
2017-11-21 17:51:08,437+0800 INFO  initexmf - running: mkfntmap 
2017-11-21 17:51:36,633+0800 INFO  initexmf - starting: MiKTeX Configuration Utility 2.9.6354 (MiKTeX 2.9.6350)
2017-11-21 17:51:36,680+0800 INFO  initexmf - running: mkfntmap 
2017-11-21 17:52:01,752+0800 INFO  initexmf - starting: MiKTeX Configuration Utility 2.9.6354 (MiKTeX 2.9.6350)
2017-11-21 17:52:01,799+0800 INFO  initexmf - running: mkfntmap 
2017-11-21 19:52:24,922+0800 INFO  initexmf - starting: MiKTeX Configuration Utility 2.9.6354 (MiKTeX 2.9.6350)
2017-11-21 19:52:24,942+0800 INFO  initexmf - running 'miktex-makefmt.exe --engine=pdftex --dest-name=pdflatex --no-dump pdflatex.ini --engine-option=-tcx=cp227.tcx'
