2018-07-23 19:10:16,470+1000 INFO  miktex-maketfm - starting with command line: C:\lb\Cliniface\Release\bin\texmfs\install\miktex\bin\miktex-maketfm.exe -v cmr10
2018-07-23 19:10:23,094+1000 INFO  maketfm - Running miktex-makemf.exe...
2018-07-23 19:10:23,096+1000 INFO  maketfm - running: miktex-makemf.exe --verbose cmr10
2018-07-23 19:10:31,593+1000 INFO  maketfm - Running miktex-hbf2gf.exe...
2018-07-23 19:10:31,594+1000 INFO  maketfm - running: miktex-hbf2gf.exe -g cmr10 300
2018-07-23 19:10:31,761+1000 FATAL miktex-maketfm - No creation rule for font cmr10.
2018-07-23 19:10:32,112+1000 INFO  miktex-maketfm - starting with command line: C:\lb\Cliniface\Release\bin\texmfs\install\miktex\bin\miktex-maketfm.exe -v cmr10
2018-07-23 19:10:38,133+1000 INFO  maketfm - Running miktex-makemf.exe...
2018-07-23 19:10:38,135+1000 INFO  maketfm - running: miktex-makemf.exe --verbose cmr10
2018-07-23 19:10:43,194+1000 INFO  maketfm - Running miktex-hbf2gf.exe...
2018-07-23 19:10:43,196+1000 INFO  maketfm - running: miktex-hbf2gf.exe -g cmr10 300
2018-07-23 19:10:43,457+1000 FATAL miktex-maketfm - No creation rule for font cmr10.
2018-07-23 19:10:43,684+1000 INFO  miktex-maketfm - starting with command line: C:\lb\Cliniface\Release\bin\texmfs\install\miktex\bin\miktex-maketfm.exe -v cmr10
2018-07-23 19:10:47,802+1000 INFO  maketfm - Running miktex-makemf.exe...
2018-07-23 19:10:47,804+1000 INFO  maketfm - running: miktex-makemf.exe --verbose cmr10
2018-07-23 19:10:53,120+1000 INFO  maketfm - Running miktex-hbf2gf.exe...
2018-07-23 19:10:53,122+1000 INFO  maketfm - running: miktex-hbf2gf.exe -g cmr10 300
2018-07-23 19:10:53,268+1000 FATAL miktex-maketfm - No creation rule for font cmr10.
2018-07-23 19:10:53,523+1000 INFO  miktex-maketfm - starting with command line: C:\lb\Cliniface\Release\bin\texmfs\install\miktex\bin\miktex-maketfm.exe -v cmr10
2018-07-23 19:10:57,478+1000 INFO  maketfm - Running miktex-makemf.exe...
2018-07-23 19:10:57,480+1000 INFO  maketfm - running: miktex-makemf.exe --verbose cmr10
2018-07-23 19:11:02,777+1000 INFO  maketfm - Running miktex-hbf2gf.exe...
2018-07-23 19:11:02,779+1000 INFO  maketfm - running: miktex-hbf2gf.exe -g cmr10 300
2018-07-23 19:11:02,921+1000 FATAL miktex-maketfm - No creation rule for font cmr10.
2018-07-23 19:11:03,154+1000 INFO  miktex-maketfm - starting with command line: C:\lb\Cliniface\Release\bin\texmfs\install\miktex\bin\miktex-maketfm.exe -v cmr10
2018-07-23 19:11:13,072+1000 INFO  maketfm - Running miktex-makemf.exe...
2018-07-23 19:11:13,075+1000 INFO  maketfm - running: miktex-makemf.exe --verbose cmr10
2018-07-23 19:11:22,497+1000 INFO  maketfm - Running miktex-hbf2gf.exe...
2018-07-23 19:11:22,498+1000 INFO  maketfm - running: miktex-hbf2gf.exe -g cmr10 300
2018-07-23 19:11:22,633+1000 FATAL miktex-maketfm - No creation rule for font cmr10.
