2017-11-21 16:25:12,672+0800 INFO  mkfntmap - starting with command line: 
2017-11-21 16:25:12,672+0800 INFO  mkfntmap - Parsing config file D:\texmfs\install\miktex\config\updmap.cfg...
2017-11-21 16:25:12,672+0800 INFO  mkfntmap - Parsing D:\texmfs\install\fonts\map\dvips\tetex\dvips35.map...
2017-11-21 16:25:12,672+0800 INFO  mkfntmap - Parsing D:\texmfs\install\fonts\map\dvips\tetex\pdftex35.map...
2017-11-21 16:25:12,672+0800 INFO  mkfntmap - Parsing D:\texmfs\install\fonts\map\dvips\tetex\dvipdfm35.map...
2017-11-21 16:25:12,688+0800 INFO  mkfntmap - Parsing D:\texmfs\install\fonts\map\dvips\tetex\ps2pk35.map...
2017-11-21 16:25:12,709+0800 INFO  mkfntmap - Parsing D:\texmfs\install\fonts\map\dvips\amsfonts\cm.map...
2017-11-21 16:25:12,756+0800 INFO  mkfntmap - Parsing D:\texmfs\install\fonts\map\dvips\amsfonts\cmextra.map...
2017-11-21 16:25:12,772+0800 INFO  mkfntmap - Parsing D:\texmfs\install\fonts\map\dvips\amsfonts\cyrillic.map...
2017-11-21 16:25:12,806+0800 INFO  mkfntmap - Parsing D:\texmfs\install\fonts\map\dvips\amsfonts\euler.map...
2017-11-21 16:25:12,808+0800 INFO  mkfntmap - Parsing D:\texmfs\install\dvips\eurosym\eurosym.map...
2017-11-21 16:25:12,809+0800 INFO  mkfntmap - Parsing D:\texmfs\install\fonts\map\dvips\amsfonts\latxfont.map...
2017-11-21 16:25:12,809+0800 INFO  mkfntmap - Parsing D:\texmfs\install\fonts\map\dvips\mflogo-font\mflogo.map...
2017-11-21 16:25:12,825+0800 INFO  mkfntmap - Parsing D:\texmfs\install\fonts\map\dvips\rsfs\rsfs.map...
2017-11-21 16:25:12,841+0800 INFO  mkfntmap - Parsing D:\texmfs\install\fonts\map\dvips\amsfonts\symbols.map...
2017-11-21 16:25:12,841+0800 INFO  mkfntmap - Parsing D:\texmfs\install\fonts\map\dvips\xypic\xypic.map...
2017-11-21 16:25:12,935+0800 INFO  mkfntmap - Parsing D:\texmfs\install\fonts\map\dvips\psnfss\charter.map...
2017-11-21 16:25:12,965+0800 INFO  mkfntmap - Parsing D:\texmfs\install\fonts\map\dvips\psnfss\fpls.map...
2017-11-21 16:25:12,996+0800 INFO  mkfntmap - Parsing D:\texmfs\install\fonts\map\dvips\lm\lm.map...
2017-11-21 16:25:13,040+0800 INFO  mkfntmap - Parsing D:\texmfs\install\fonts\map\dvips\psnfss\pazo.map...
2017-11-21 16:25:13,041+0800 INFO  mkfntmap - Parsing D:\texmfs\install\fonts\map\dvips\pslatex\pcrr8rn.map...
2017-11-21 16:25:13,048+0800 INFO  mkfntmap - Parsing D:\texmfs\install\fonts\map\dvips\psnfss\psnfss.map...
2017-11-21 16:25:13,074+0800 INFO  mkfntmap - Parsing D:\texmfs\install\fonts\map\dvips\avantgar\uag.map...
2017-11-21 16:25:13,076+0800 INFO  mkfntmap - Parsing D:\texmfs\install\fonts\map\dvips\bookman\ubk.map...
2017-11-21 16:25:13,077+0800 INFO  mkfntmap - Parsing D:\texmfs\install\fonts\map\dvips\courier\ucr.map...
2017-11-21 16:25:13,079+0800 INFO  mkfntmap - Parsing D:\texmfs\install\fonts\map\dvips\helvetic\uhv.map...
2017-11-21 16:25:13,080+0800 INFO  mkfntmap - Parsing D:\texmfs\install\fonts\map\dvips\ncntrsbk\unc.map...
2017-11-21 16:25:13,082+0800 INFO  mkfntmap - Parsing D:\texmfs\install\fonts\map\dvips\palatino\upl.map...
2017-11-21 16:25:13,084+0800 INFO  mkfntmap - Parsing D:\texmfs\install\fonts\map\dvips\times\utm.map...
2017-11-21 16:25:13,085+0800 INFO  mkfntmap - Parsing D:\texmfs\install\fonts\map\dvips\psnfss\utopia.map...
2017-11-21 16:25:13,085+0800 INFO  mkfntmap - Parsing D:\texmfs\install\fonts\map\dvips\zapfchan\uzc.map...
2017-11-21 16:25:13,086+0800 INFO  mkfntmap - Parsing D:\texmfs\install\fonts\map\dvips\zapfding\uzd.map...
2017-11-21 16:25:13,101+0800 INFO  mkfntmap - Writing D:\texmfs/data\dvips\config\ps2pk.map...
2017-11-21 16:25:13,151+0800 INFO  mkfntmap - Writing D:\texmfs/data\dvips\config\download35.map...
2017-11-21 16:25:13,151+0800 INFO  mkfntmap - Writing D:\texmfs/data\dvips\config\builtin35.map...
2017-11-21 16:25:13,166+0800 INFO  mkfntmap - Writing D:\texmfs/data\dvips\config\psfonts_t1.map...
2017-11-21 16:25:13,235+0800 INFO  mkfntmap - Writing D:\texmfs/data\dvips\config\psfonts_pk.map...
2017-11-21 16:25:13,282+0800 INFO  mkfntmap - Writing D:\texmfs/data\pdftex\config\pdftex_ndl14.map...
2017-11-21 16:25:13,282+0800 INFO  mkfntmap - Writing D:\texmfs/data\pdftex\config\pdftex_dl14.map...
2017-11-21 16:25:13,582+0800 INFO  mkfntmap - Writing D:\texmfs/data\dvipdfm\config\dvipdfm_dl14.map...
2017-11-21 16:25:13,598+0800 INFO  mkfntmap - Writing D:\texmfs/data\dvipdfm\config\dvipdfm_ndl14.map...
2017-11-21 16:25:13,616+0800 INFO  mkfntmap - Copying D:\texmfs/data\dvips\config\psfonts_t1.map
2017-11-21 16:25:13,616+0800 INFO  mkfntmap -      to D:\texmfs/data\dvips\config\psfonts.map...
2017-11-21 16:25:13,618+0800 INFO  mkfntmap - Copying D:\texmfs/data\dvipdfm\config\dvipdfm_dl14.map
2017-11-21 16:25:13,618+0800 INFO  mkfntmap -      to D:\texmfs/data\dvipdfm\config\dvipdfm.map...
2017-11-21 16:25:13,635+0800 INFO  mkfntmap - Copying D:\texmfs/data\pdftex\config\pdftex_dl14.map
2017-11-21 16:25:13,635+0800 INFO  mkfntmap -      to D:\texmfs/data\pdftex\config\pdftex.map...
2017-11-21 16:25:13,698+0800 INFO  mkfntmap - running: fc-cache 
2017-11-21 16:30:57,751+0800 INFO  mkfntmap - starting with command line: 
2017-11-21 16:30:57,752+0800 INFO  mkfntmap - Parsing config file D:\texmfs\install\miktex\config\updmap.cfg...
2017-11-21 16:30:57,754+0800 INFO  mkfntmap - Parsing D:\texmfs\install\fonts\map\dvips\tetex\dvips35.map...
2017-11-21 16:30:57,756+0800 INFO  mkfntmap - Parsing D:\texmfs\install\fonts\map\dvips\tetex\pdftex35.map...
2017-11-21 16:30:57,757+0800 INFO  mkfntmap - Parsing D:\texmfs\install\fonts\map\dvips\tetex\dvipdfm35.map...
2017-11-21 16:30:57,759+0800 INFO  mkfntmap - Parsing D:\texmfs\install\fonts\map\dvips\tetex\ps2pk35.map...
2017-11-21 16:30:57,765+0800 INFO  mkfntmap - Parsing D:\texmfs\install\fonts\map\dvips\amsfonts\cm.map...
2017-11-21 16:30:57,765+0800 INFO  mkfntmap - Parsing D:\texmfs\install\fonts\map\dvips\amsfonts\cmextra.map...
2017-11-21 16:30:57,766+0800 INFO  mkfntmap - Parsing D:\texmfs\install\fonts\map\dvips\amsfonts\cyrillic.map...
2017-11-21 16:30:57,768+0800 INFO  mkfntmap - Parsing D:\texmfs\install\fonts\map\dvips\amsfonts\euler.map...
2017-11-21 16:30:57,768+0800 INFO  mkfntmap - Parsing D:\texmfs\install\dvips\eurosym\eurosym.map...
2017-11-21 16:30:57,770+0800 INFO  mkfntmap - Parsing D:\texmfs\install\fonts\map\dvips\amsfonts\latxfont.map...
2017-11-21 16:30:57,771+0800 INFO  mkfntmap - Parsing D:\texmfs\install\fonts\map\dvips\mflogo-font\mflogo.map...
2017-11-21 16:30:57,773+0800 INFO  mkfntmap - Parsing D:\texmfs\install\fonts\map\dvips\rsfs\rsfs.map...
2017-11-21 16:30:57,774+0800 INFO  mkfntmap - Parsing D:\texmfs\install\fonts\map\dvips\amsfonts\symbols.map...
2017-11-21 16:30:57,776+0800 INFO  mkfntmap - Parsing D:\texmfs\install\fonts\map\dvips\xypic\xypic.map...
2017-11-21 16:30:57,790+0800 INFO  mkfntmap - Parsing D:\texmfs\install\fonts\map\dvips\psnfss\charter.map...
2017-11-21 16:30:57,796+0800 INFO  mkfntmap - Parsing D:\texmfs\install\fonts\map\dvips\psnfss\fpls.map...
2017-11-21 16:30:57,801+0800 INFO  mkfntmap - Parsing D:\texmfs\install\fonts\map\dvips\lm\lm.map...
2017-11-21 16:30:57,811+0800 INFO  mkfntmap - Parsing D:\texmfs\install\fonts\map\dvips\psnfss\pazo.map...
2017-11-21 16:30:57,812+0800 INFO  mkfntmap - Parsing D:\texmfs\install\fonts\map\dvips\pslatex\pcrr8rn.map...
2017-11-21 16:30:57,813+0800 INFO  mkfntmap - Parsing D:\texmfs\install\fonts\map\dvips\psnfss\psnfss.map...
2017-11-21 16:30:57,818+0800 INFO  mkfntmap - Parsing D:\texmfs\install\fonts\map\dvips\avantgar\uag.map...
2017-11-21 16:30:57,819+0800 INFO  mkfntmap - Parsing D:\texmfs\install\fonts\map\dvips\bookman\ubk.map...
2017-11-21 16:30:57,819+0800 INFO  mkfntmap - Parsing D:\texmfs\install\fonts\map\dvips\courier\ucr.map...
2017-11-21 16:30:57,820+0800 INFO  mkfntmap - Parsing D:\texmfs\install\fonts\map\dvips\helvetic\uhv.map...
2017-11-21 16:30:57,820+0800 INFO  mkfntmap - Parsing D:\texmfs\install\fonts\map\dvips\ncntrsbk\unc.map...
2017-11-21 16:30:57,820+0800 INFO  mkfntmap - Parsing D:\texmfs\install\fonts\map\dvips\palatino\upl.map...
2017-11-21 16:30:57,821+0800 INFO  mkfntmap - Parsing D:\texmfs\install\fonts\map\dvips\times\utm.map...
2017-11-21 16:30:57,821+0800 INFO  mkfntmap - Parsing D:\texmfs\install\fonts\map\dvips\psnfss\utopia.map...
2017-11-21 16:30:57,822+0800 INFO  mkfntmap - Parsing D:\texmfs\install\fonts\map\dvips\zapfchan\uzc.map...
2017-11-21 16:30:57,822+0800 INFO  mkfntmap - Parsing D:\texmfs\install\fonts\map\dvips\zapfding\uzd.map...
2017-11-21 16:30:57,824+0800 INFO  mkfntmap - Writing D:\texmfs/data\dvips\config\ps2pk.map...
2017-11-21 16:30:57,831+0800 INFO  mkfntmap - Writing D:\texmfs/data\dvips\config\download35.map...
2017-11-21 16:30:57,836+0800 INFO  mkfntmap - Writing D:\texmfs/data\dvips\config\builtin35.map...
2017-11-21 16:30:57,840+0800 INFO  mkfntmap - Writing D:\texmfs/data\dvips\config\psfonts_t1.map...
2017-11-21 16:30:57,846+0800 INFO  mkfntmap - Writing D:\texmfs/data\dvips\config\psfonts_pk.map...
2017-11-21 16:30:57,854+0800 INFO  mkfntmap - Writing D:\texmfs/data\pdftex\config\pdftex_ndl14.map...
2017-11-21 16:30:57,860+0800 INFO  mkfntmap - Writing D:\texmfs/data\pdftex\config\pdftex_dl14.map...
2017-11-21 16:30:57,866+0800 INFO  mkfntmap - Writing D:\texmfs/data\dvipdfm\config\dvipdfm_dl14.map...
2017-11-21 16:30:57,872+0800 INFO  mkfntmap - Writing D:\texmfs/data\dvipdfm\config\dvipdfm_ndl14.map...
2017-11-21 16:30:57,878+0800 INFO  mkfntmap - Copying D:\texmfs/data\dvips\config\psfonts_t1.map
2017-11-21 16:30:57,878+0800 INFO  mkfntmap -      to D:\texmfs/data\dvips\config\psfonts.map...
2017-11-21 16:30:57,879+0800 INFO  mkfntmap - Copying D:\texmfs/data\dvipdfm\config\dvipdfm_dl14.map
2017-11-21 16:30:57,879+0800 INFO  mkfntmap -      to D:\texmfs/data\dvipdfm\config\dvipdfm.map...
2017-11-21 16:30:57,880+0800 INFO  mkfntmap - Copying D:\texmfs/data\pdftex\config\pdftex_dl14.map
2017-11-21 16:30:57,880+0800 INFO  mkfntmap -      to D:\texmfs/data\pdftex\config\pdftex.map...
2017-11-21 16:30:57,888+0800 INFO  mkfntmap - running: fc-cache --verbose
2017-11-21 16:30:57,989+0800 INFO  mkfntmap - C:/WINDOWS/Fonts: skipping, existing cache is valid: 988 fonts, 0 dirs
2017-11-21 16:30:57,989+0800 INFO  mkfntmap - C:/Program Files (x86)/Adobe/Acrobat Reader DC/Resource/Font: skipping, existing cache is valid: 16 fonts, 1 dirs
2017-11-21 16:30:57,989+0800 INFO  mkfntmap - C:/Program Files (x86)/Adobe/Acrobat Reader DC/Resource/Font/PFM: skipping, existing cache is valid: 0 fonts, 0 dirs
2017-11-21 16:30:57,990+0800 INFO  mkfntmap - D:/texmfs/install/fonts/type1: skipping, existing cache is valid: 0 fonts, 4 dirs
2017-11-21 16:30:57,990+0800 INFO  mkfntmap - D:/texmfs/install/fonts/type1/adobe: skipping, existing cache is valid: 0 fonts, 2 dirs
2017-11-21 16:30:57,990+0800 INFO  mkfntmap - D:/texmfs/install/fonts/type1/adobe/courier: skipping, existing cache is valid: 6 fonts, 0 dirs
2017-11-21 16:30:57,990+0800 INFO  mkfntmap - D:/texmfs/install/fonts/type1/adobe/utopia: skipping, existing cache is valid: 4 fonts, 0 dirs
2017-11-21 16:30:57,991+0800 INFO  mkfntmap - D:/texmfs/install/fonts/type1/groff: skipping, existing cache is valid: 1 fonts, 0 dirs
2017-11-21 16:30:57,991+0800 INFO  mkfntmap - D:/texmfs/install/fonts/type1/public: skipping, existing cache is valid: 0 fonts, 7 dirs
2017-11-21 16:30:57,991+0800 INFO  mkfntmap - D:/texmfs/install/fonts/type1/public/amsfonts: skipping, existing cache is valid: 0 fonts, 6 dirs
2017-11-21 16:30:57,992+0800 INFO  mkfntmap - D:/texmfs/install/fonts/type1/public/amsfonts/cm: skipping, existing cache is valid: 75 fonts, 0 dirs
2017-11-21 16:30:57,992+0800 INFO  mkfntmap - D:/texmfs/install/fonts/type1/public/amsfonts/cmextra: skipping, existing cache is valid: 15 fonts, 0 dirs
2017-11-21 16:30:57,992+0800 INFO  mkfntmap - D:/texmfs/install/fonts/type1/public/amsfonts/cyrillic: skipping, existing cache is valid: 5 fonts, 0 dirs
2017-11-21 16:30:57,992+0800 INFO  mkfntmap - D:/texmfs/install/fonts/type1/public/amsfonts/euler: skipping, existing cache is valid: 22 fonts, 0 dirs
2017-11-21 16:30:57,993+0800 INFO  mkfntmap - D:/texmfs/install/fonts/type1/public/amsfonts/latxfont: skipping, existing cache is valid: 14 fonts, 0 dirs
2017-11-21 16:30:57,993+0800 INFO  mkfntmap - D:/texmfs/install/fonts/type1/public/amsfonts/symbols: skipping, existing cache is valid: 12 fonts, 0 dirs
2017-11-21 16:30:57,993+0800 INFO  mkfntmap - D:/texmfs/install/fonts/type1/public/cbcoptic: skipping, existing cache is valid: 2 fonts, 0 dirs
2017-11-21 16:30:57,994+0800 INFO  mkfntmap - D:/texmfs/install/fonts/type1/public/eurosym: skipping, existing cache is valid: 12 fonts, 0 dirs
2017-11-21 16:30:57,994+0800 INFO  mkfntmap - D:/texmfs/install/fonts/type1/public/lm: skipping, existing cache is valid: 92 fonts, 0 dirs
2017-11-21 16:30:57,994+0800 INFO  mkfntmap - D:/texmfs/install/fonts/type1/public/mflogo-font: skipping, existing cache is valid: 8 fonts, 0 dirs
2017-11-21 16:30:57,995+0800 INFO  mkfntmap - D:/texmfs/install/fonts/type1/public/rsfs: skipping, existing cache is valid: 3 fonts, 0 dirs
2017-11-21 16:30:57,995+0800 INFO  mkfntmap - D:/texmfs/install/fonts/type1/public/xypic: skipping, existing cache is valid: 23 fonts, 0 dirs
2017-11-21 16:30:57,995+0800 INFO  mkfntmap - D:/texmfs/install/fonts/type1/urw: skipping, existing cache is valid: 0 fonts, 9 dirs
2017-11-21 16:30:57,995+0800 INFO  mkfntmap - D:/texmfs/install/fonts/type1/urw/avantgar: skipping, existing cache is valid: 4 fonts, 0 dirs
2017-11-21 16:30:57,996+0800 INFO  mkfntmap - D:/texmfs/install/fonts/type1/urw/bookman: skipping, existing cache is valid: 4 fonts, 0 dirs
2017-11-21 16:30:57,996+0800 INFO  mkfntmap - D:/texmfs/install/fonts/type1/urw/courier: skipping, existing cache is valid: 4 fonts, 0 dirs
2017-11-21 16:30:57,996+0800 INFO  mkfntmap - D:/texmfs/install/fonts/type1/urw/helvetic: skipping, existing cache is valid: 14 fonts, 0 dirs
2017-11-21 16:30:57,997+0800 INFO  mkfntmap - D:/texmfs/install/fonts/type1/urw/ncntrsbk: skipping, existing cache is valid: 4 fonts, 0 dirs
2017-11-21 16:30:57,997+0800 INFO  mkfntmap - D:/texmfs/install/fonts/type1/urw/palatino: skipping, existing cache is valid: 4 fonts, 0 dirs
2017-11-21 16:30:57,997+0800 INFO  mkfntmap - D:/texmfs/install/fonts/type1/urw/times: skipping, existing cache is valid: 4 fonts, 0 dirs
2017-11-21 16:30:57,998+0800 INFO  mkfntmap - D:/texmfs/install/fonts/type1/urw/zapfchan: skipping, existing cache is valid: 1 fonts, 0 dirs
2017-11-21 16:30:57,998+0800 INFO  mkfntmap - D:/texmfs/install/fonts/type1/urw/zapfding: skipping, existing cache is valid: 1 fonts, 0 dirs
2017-11-21 16:30:57,998+0800 INFO  mkfntmap - D:/texmfs/install/fonts/opentype: skipping, existing cache is valid: 0 fonts, 1 dirs
2017-11-21 16:30:57,998+0800 INFO  mkfntmap - D:/texmfs/install/fonts/opentype/public: skipping, existing cache is valid: 0 fonts, 1 dirs
2017-11-21 16:30:57,999+0800 INFO  mkfntmap - D:/texmfs/install/fonts/opentype/public/lm: skipping, existing cache is valid: 72 fonts, 0 dirs
2017-11-21 16:30:58,030+0800 INFO  mkfntmap - C:/Users/Rich/.local/share/fonts: skipping, no such directory
2017-11-21 16:30:58,030+0800 INFO  mkfntmap - C:/Users/Rich/.fonts: skipping, no such directory
2017-11-21 16:30:58,030+0800 INFO  mkfntmap - D:/texmfs/data/fontconfig/cache: cleaning cache directory
2017-11-21 16:30:58,030+0800 INFO  mkfntmap - C:/Users/Rich/.cache/fontconfig: not cleaning non-existent cache directory
2017-11-21 16:30:58,030+0800 INFO  mkfntmap - C:/Users/Rich/.fontconfig: not cleaning non-existent cache directory
2017-11-21 16:30:58,030+0800 INFO  mkfntmap - D:\texmfs\install\miktex\bin\fc-cache.EXE: succeeded
2017-11-21 16:38:44,467+0800 INFO  mkfntmap - starting with command line: 
2017-11-21 16:38:44,467+0800 INFO  mkfntmap - Parsing config file D:\texmfs\install\miktex\config\updmap.cfg...
2017-11-21 16:38:44,467+0800 INFO  mkfntmap - Parsing D:\texmfs\install\fonts\map\dvips\tetex\dvips35.map...
2017-11-21 16:38:44,483+0800 INFO  mkfntmap - Parsing D:\texmfs\install\fonts\map\dvips\tetex\pdftex35.map...
2017-11-21 16:38:44,484+0800 INFO  mkfntmap - Parsing D:\texmfs\install\fonts\map\dvips\tetex\dvipdfm35.map...
2017-11-21 16:38:44,486+0800 INFO  mkfntmap - Parsing D:\texmfs\install\fonts\map\dvips\tetex\ps2pk35.map...
2017-11-21 16:38:44,488+0800 INFO  mkfntmap - Parsing D:\texmfs\install\fonts\map\dvips\amsfonts\cm.map...
2017-11-21 16:38:44,488+0800 INFO  mkfntmap - Parsing D:\texmfs\install\fonts\map\dvips\amsfonts\cmextra.map...
2017-11-21 16:38:44,488+0800 INFO  mkfntmap - Parsing D:\texmfs\install\fonts\map\dvips\amsfonts\cyrillic.map...
2017-11-21 16:38:44,488+0800 INFO  mkfntmap - Parsing D:\texmfs\install\fonts\map\dvips\amsfonts\euler.map...
2017-11-21 16:38:44,488+0800 INFO  mkfntmap - Parsing D:\texmfs\install\dvips\eurosym\eurosym.map...
2017-11-21 16:38:44,488+0800 INFO  mkfntmap - Parsing D:\texmfs\install\fonts\map\dvips\amsfonts\latxfont.map...
2017-11-21 16:38:44,488+0800 INFO  mkfntmap - Parsing D:\texmfs\install\fonts\map\dvips\mflogo-font\mflogo.map...
2017-11-21 16:38:44,488+0800 INFO  mkfntmap - Parsing D:\texmfs\install\fonts\map\dvips\rsfs\rsfs.map...
2017-11-21 16:38:44,488+0800 INFO  mkfntmap - Parsing D:\texmfs\install\fonts\map\dvips\amsfonts\symbols.map...
2017-11-21 16:38:44,488+0800 INFO  mkfntmap - Parsing D:\texmfs\install\fonts\map\dvips\xypic\xypic.map...
2017-11-21 16:38:44,516+0800 INFO  mkfntmap - Parsing D:\texmfs\install\fonts\map\dvips\psnfss\charter.map...
2017-11-21 16:38:44,518+0800 INFO  mkfntmap - Parsing D:\texmfs\install\fonts\map\dvips\psnfss\fpls.map...
2017-11-21 16:38:44,518+0800 INFO  mkfntmap - Parsing D:\texmfs\install\fonts\map\dvips\lm\lm.map...
2017-11-21 16:38:44,534+0800 INFO  mkfntmap - Parsing D:\texmfs\install\fonts\map\dvips\psnfss\pazo.map...
2017-11-21 16:38:44,534+0800 INFO  mkfntmap - Parsing D:\texmfs\install\fonts\map\dvips\pslatex\pcrr8rn.map...
2017-11-21 16:38:44,534+0800 INFO  mkfntmap - Parsing D:\texmfs\install\fonts\map\dvips\psnfss\psnfss.map...
2017-11-21 16:38:44,534+0800 INFO  mkfntmap - Parsing D:\texmfs\install\fonts\map\dvips\avantgar\uag.map...
2017-11-21 16:38:44,534+0800 INFO  mkfntmap - Parsing D:\texmfs\install\fonts\map\dvips\bookman\ubk.map...
2017-11-21 16:38:44,534+0800 INFO  mkfntmap - Parsing D:\texmfs\install\fonts\map\dvips\courier\ucr.map...
2017-11-21 16:38:44,534+0800 INFO  mkfntmap - Parsing D:\texmfs\install\fonts\map\dvips\helvetic\uhv.map...
2017-11-21 16:38:44,534+0800 INFO  mkfntmap - Parsing D:\texmfs\install\fonts\map\dvips\ncntrsbk\unc.map...
2017-11-21 16:38:44,534+0800 INFO  mkfntmap - Parsing D:\texmfs\install\fonts\map\dvips\palatino\upl.map...
2017-11-21 16:38:44,534+0800 INFO  mkfntmap - Parsing D:\texmfs\install\fonts\map\dvips\times\utm.map...
2017-11-21 16:38:44,534+0800 INFO  mkfntmap - Parsing D:\texmfs\install\fonts\map\dvips\psnfss\utopia.map...
2017-11-21 16:38:44,534+0800 INFO  mkfntmap - Parsing D:\texmfs\install\fonts\map\dvips\zapfchan\uzc.map...
2017-11-21 16:38:44,534+0800 INFO  mkfntmap - Parsing D:\texmfs\install\fonts\map\dvips\zapfding\uzd.map...
2017-11-21 16:38:44,550+0800 INFO  mkfntmap - Writing D:\texmfs/data\dvips\config\ps2pk.map...
2017-11-21 16:38:44,550+0800 INFO  mkfntmap - Writing D:\texmfs/data\dvips\config\download35.map...
2017-11-21 16:38:44,550+0800 INFO  mkfntmap - Writing D:\texmfs/data\dvips\config\builtin35.map...
2017-11-21 16:38:44,550+0800 INFO  mkfntmap - Writing D:\texmfs/data\dvips\config\psfonts_t1.map...
2017-11-21 16:38:44,565+0800 INFO  mkfntmap - Writing D:\texmfs/data\dvips\config\psfonts_pk.map...
2017-11-21 16:38:44,565+0800 INFO  mkfntmap - Writing D:\texmfs/data\pdftex\config\pdftex_ndl14.map...
2017-11-21 16:38:44,586+0800 INFO  mkfntmap - Writing D:\texmfs/data\pdftex\config\pdftex_dl14.map...
2017-11-21 16:38:44,591+0800 INFO  mkfntmap - Writing D:\texmfs/data\dvipdfm\config\dvipdfm_dl14.map...
2017-11-21 16:38:44,598+0800 INFO  mkfntmap - Writing D:\texmfs/data\dvipdfm\config\dvipdfm_ndl14.map...
2017-11-21 16:38:44,603+0800 INFO  mkfntmap - Copying D:\texmfs/data\dvips\config\psfonts_t1.map
2017-11-21 16:38:44,603+0800 INFO  mkfntmap -      to D:\texmfs/data\dvips\config\psfonts.map...
2017-11-21 16:38:44,603+0800 INFO  mkfntmap - Copying D:\texmfs/data\dvipdfm\config\dvipdfm_dl14.map
2017-11-21 16:38:44,603+0800 INFO  mkfntmap -      to D:\texmfs/data\dvipdfm\config\dvipdfm.map...
2017-11-21 16:38:44,603+0800 INFO  mkfntmap - Copying D:\texmfs/data\pdftex\config\pdftex_dl14.map
2017-11-21 16:38:44,603+0800 INFO  mkfntmap -      to D:\texmfs/data\pdftex\config\pdftex.map...
2017-11-21 16:38:44,619+0800 INFO  mkfntmap - running: fc-cache 
2017-11-21 16:39:01,927+0800 INFO  mkfntmap - starting with command line: 
2017-11-21 16:39:01,927+0800 INFO  mkfntmap - Parsing config file D:\texmfs\install\miktex\config\updmap.cfg...
2017-11-21 16:39:01,927+0800 INFO  mkfntmap - Parsing D:\texmfs\install\fonts\map\dvips\tetex\dvips35.map...
2017-11-21 16:39:01,927+0800 INFO  mkfntmap - Parsing D:\texmfs\install\fonts\map\dvips\tetex\pdftex35.map...
2017-11-21 16:39:01,927+0800 INFO  mkfntmap - Parsing D:\texmfs\install\fonts\map\dvips\tetex\dvipdfm35.map...
2017-11-21 16:39:01,927+0800 INFO  mkfntmap - Parsing D:\texmfs\install\fonts\map\dvips\tetex\ps2pk35.map...
2017-11-21 16:39:01,943+0800 INFO  mkfntmap - Parsing D:\texmfs\install\fonts\map\dvips\amsfonts\cm.map...
2017-11-21 16:39:01,943+0800 INFO  mkfntmap - Parsing D:\texmfs\install\fonts\map\dvips\amsfonts\cmextra.map...
2017-11-21 16:39:01,943+0800 INFO  mkfntmap - Parsing D:\texmfs\install\fonts\map\dvips\amsfonts\cyrillic.map...
2017-11-21 16:39:01,943+0800 INFO  mkfntmap - Parsing D:\texmfs\install\fonts\map\dvips\amsfonts\euler.map...
2017-11-21 16:39:01,943+0800 INFO  mkfntmap - Parsing D:\texmfs\install\dvips\eurosym\eurosym.map...
2017-11-21 16:39:01,943+0800 INFO  mkfntmap - Parsing D:\texmfs\install\fonts\map\dvips\amsfonts\latxfont.map...
2017-11-21 16:39:01,943+0800 INFO  mkfntmap - Parsing D:\texmfs\install\fonts\map\dvips\mflogo-font\mflogo.map...
2017-11-21 16:39:01,943+0800 INFO  mkfntmap - Parsing D:\texmfs\install\fonts\map\dvips\rsfs\rsfs.map...
2017-11-21 16:39:01,943+0800 INFO  mkfntmap - Parsing D:\texmfs\install\fonts\map\dvips\amsfonts\symbols.map...
2017-11-21 16:39:01,943+0800 INFO  mkfntmap - Parsing D:\texmfs\install\fonts\map\dvips\xypic\xypic.map...
2017-11-21 16:39:01,961+0800 INFO  mkfntmap - Parsing D:\texmfs\install\fonts\map\dvips\psnfss\charter.map...
2017-11-21 16:39:01,961+0800 INFO  mkfntmap - Parsing D:\texmfs\install\fonts\map\dvips\psnfss\fpls.map...
2017-11-21 16:39:01,981+0800 INFO  mkfntmap - Parsing D:\texmfs\install\fonts\map\dvips\lm\lm.map...
2017-11-21 16:39:01,985+0800 INFO  mkfntmap - Parsing D:\texmfs\install\fonts\map\dvips\psnfss\pazo.map...
2017-11-21 16:39:01,985+0800 INFO  mkfntmap - Parsing D:\texmfs\install\fonts\map\dvips\pslatex\pcrr8rn.map...
2017-11-21 16:39:01,985+0800 INFO  mkfntmap - Parsing D:\texmfs\install\fonts\map\dvips\psnfss\psnfss.map...
2017-11-21 16:39:01,985+0800 INFO  mkfntmap - Parsing D:\texmfs\install\fonts\map\dvips\avantgar\uag.map...
2017-11-21 16:39:01,985+0800 INFO  mkfntmap - Parsing D:\texmfs\install\fonts\map\dvips\bookman\ubk.map...
2017-11-21 16:39:01,985+0800 INFO  mkfntmap - Parsing D:\texmfs\install\fonts\map\dvips\courier\ucr.map...
2017-11-21 16:39:01,985+0800 INFO  mkfntmap - Parsing D:\texmfs\install\fonts\map\dvips\helvetic\uhv.map...
2017-11-21 16:39:02,001+0800 INFO  mkfntmap - Parsing D:\texmfs\install\fonts\map\dvips\ncntrsbk\unc.map...
2017-11-21 16:39:02,001+0800 INFO  mkfntmap - Parsing D:\texmfs\install\fonts\map\dvips\palatino\upl.map...
2017-11-21 16:39:02,001+0800 INFO  mkfntmap - Parsing D:\texmfs\install\fonts\map\dvips\times\utm.map...
2017-11-21 16:39:02,001+0800 INFO  mkfntmap - Parsing D:\texmfs\install\fonts\map\dvips\psnfss\utopia.map...
2017-11-21 16:39:02,001+0800 INFO  mkfntmap - Parsing D:\texmfs\install\fonts\map\dvips\zapfchan\uzc.map...
2017-11-21 16:39:02,001+0800 INFO  mkfntmap - Parsing D:\texmfs\install\fonts\map\dvips\zapfding\uzd.map...
2017-11-21 16:39:02,001+0800 INFO  mkfntmap - Writing D:\texmfs/data\dvips\config\ps2pk.map...
2017-11-21 16:39:02,001+0800 INFO  mkfntmap - Writing D:\texmfs/data\dvips\config\download35.map...
2017-11-21 16:39:02,001+0800 INFO  mkfntmap - Writing D:\texmfs/data\dvips\config\builtin35.map...
2017-11-21 16:39:02,016+0800 INFO  mkfntmap - Writing D:\texmfs/data\dvips\config\psfonts_t1.map...
2017-11-21 16:39:02,016+0800 INFO  mkfntmap - Writing D:\texmfs/data\dvips\config\psfonts_pk.map...
2017-11-21 16:39:02,016+0800 INFO  mkfntmap - Writing D:\texmfs/data\pdftex\config\pdftex_ndl14.map...
2017-11-21 16:39:02,032+0800 INFO  mkfntmap - Writing D:\texmfs/data\pdftex\config\pdftex_dl14.map...
2017-11-21 16:39:02,032+0800 INFO  mkfntmap - Writing D:\texmfs/data\dvipdfm\config\dvipdfm_dl14.map...
2017-11-21 16:39:02,050+0800 INFO  mkfntmap - Writing D:\texmfs/data\dvipdfm\config\dvipdfm_ndl14.map...
2017-11-21 16:39:02,057+0800 INFO  mkfntmap - Copying D:\texmfs/data\dvips\config\psfonts_t1.map
2017-11-21 16:39:02,057+0800 INFO  mkfntmap -      to D:\texmfs/data\dvips\config\psfonts.map...
2017-11-21 16:39:02,059+0800 INFO  mkfntmap - Copying D:\texmfs/data\dvipdfm\config\dvipdfm_dl14.map
2017-11-21 16:39:02,059+0800 INFO  mkfntmap -      to D:\texmfs/data\dvipdfm\config\dvipdfm.map...
2017-11-21 16:39:02,059+0800 INFO  mkfntmap - Copying D:\texmfs/data\pdftex\config\pdftex_dl14.map
2017-11-21 16:39:02,059+0800 INFO  mkfntmap -      to D:\texmfs/data\pdftex\config\pdftex.map...
2017-11-21 16:39:02,061+0800 INFO  mkfntmap - running: fc-cache 
2017-11-21 16:41:21,468+0800 INFO  mkfntmap - starting with command line: 
2017-11-21 16:41:21,468+0800 INFO  mkfntmap - Parsing config file D:\texmfs\install\miktex\config\updmap.cfg...
2017-11-21 16:41:21,468+0800 INFO  mkfntmap - Parsing D:\texmfs\install\fonts\map\dvips\tetex\dvips35.map...
2017-11-21 16:41:21,484+0800 INFO  mkfntmap - Parsing D:\texmfs\install\fonts\map\dvips\tetex\pdftex35.map...
2017-11-21 16:41:21,486+0800 INFO  mkfntmap - Parsing D:\texmfs\install\fonts\map\dvips\tetex\dvipdfm35.map...
2017-11-21 16:41:21,488+0800 INFO  mkfntmap - Parsing D:\texmfs\install\fonts\map\dvips\tetex\ps2pk35.map...
2017-11-21 16:41:21,494+0800 INFO  mkfntmap - Parsing D:\texmfs\install\fonts\map\dvips\amsfonts\cm.map...
2017-11-21 16:41:21,494+0800 INFO  mkfntmap - Parsing D:\texmfs\install\fonts\map\dvips\amsfonts\cmextra.map...
2017-11-21 16:41:21,495+0800 INFO  mkfntmap - Parsing D:\texmfs\install\fonts\map\dvips\amsfonts\cyrillic.map...
2017-11-21 16:41:21,497+0800 INFO  mkfntmap - Parsing D:\texmfs\install\fonts\map\dvips\amsfonts\euler.map...
2017-11-21 16:41:21,497+0800 INFO  mkfntmap - Parsing D:\texmfs\install\dvips\eurosym\eurosym.map...
2017-11-21 16:41:21,498+0800 INFO  mkfntmap - Parsing D:\texmfs\install\fonts\map\dvips\amsfonts\latxfont.map...
2017-11-21 16:41:21,499+0800 INFO  mkfntmap - Parsing D:\texmfs\install\fonts\map\dvips\mflogo-font\mflogo.map...
2017-11-21 16:41:21,501+0800 INFO  mkfntmap - Parsing D:\texmfs\install\fonts\map\dvips\rsfs\rsfs.map...
2017-11-21 16:41:21,502+0800 INFO  mkfntmap - Parsing D:\texmfs\install\fonts\map\dvips\amsfonts\symbols.map...
2017-11-21 16:41:21,504+0800 INFO  mkfntmap - Parsing D:\texmfs\install\fonts\map\dvips\xypic\xypic.map...
2017-11-21 16:41:21,506+0800 INFO  mkfntmap - Parsing D:\texmfs\install\fonts\map\dvips\psnfss\charter.map...
2017-11-21 16:41:21,522+0800 INFO  mkfntmap - Parsing D:\texmfs\install\fonts\map\dvips\psnfss\fpls.map...
2017-11-21 16:41:21,522+0800 INFO  mkfntmap - Parsing D:\texmfs\install\fonts\map\dvips\lm\lm.map...
2017-11-21 16:41:21,537+0800 INFO  mkfntmap - Parsing D:\texmfs\install\fonts\map\dvips\psnfss\pazo.map...
2017-11-21 16:41:21,537+0800 INFO  mkfntmap - Parsing D:\texmfs\install\fonts\map\dvips\pslatex\pcrr8rn.map...
2017-11-21 16:41:21,537+0800 INFO  mkfntmap - Parsing D:\texmfs\install\fonts\map\dvips\psnfss\psnfss.map...
2017-11-21 16:41:21,537+0800 INFO  mkfntmap - Parsing D:\texmfs\install\fonts\map\dvips\avantgar\uag.map...
2017-11-21 16:41:21,537+0800 INFO  mkfntmap - Parsing D:\texmfs\install\fonts\map\dvips\bookman\ubk.map...
2017-11-21 16:41:21,537+0800 INFO  mkfntmap - Parsing D:\texmfs\install\fonts\map\dvips\courier\ucr.map...
2017-11-21 16:41:21,537+0800 INFO  mkfntmap - Parsing D:\texmfs\install\fonts\map\dvips\helvetic\uhv.map...
2017-11-21 16:41:21,537+0800 INFO  mkfntmap - Parsing D:\texmfs\install\fonts\map\dvips\ncntrsbk\unc.map...
2017-11-21 16:41:21,537+0800 INFO  mkfntmap - Parsing D:\texmfs\install\fonts\map\dvips\palatino\upl.map...
2017-11-21 16:41:21,537+0800 INFO  mkfntmap - Parsing D:\texmfs\install\fonts\map\dvips\times\utm.map...
2017-11-21 16:41:21,537+0800 INFO  mkfntmap - Parsing D:\texmfs\install\fonts\map\dvips\psnfss\utopia.map...
2017-11-21 16:41:21,537+0800 INFO  mkfntmap - Parsing D:\texmfs\install\fonts\map\dvips\zapfchan\uzc.map...
2017-11-21 16:41:21,537+0800 INFO  mkfntmap - Parsing D:\texmfs\install\fonts\map\dvips\zapfding\uzd.map...
2017-11-21 16:41:21,537+0800 INFO  mkfntmap - Writing D:\texmfs/data\dvips\config\ps2pk.map...
2017-11-21 16:41:21,553+0800 INFO  mkfntmap - Writing D:\texmfs/data\dvips\config\download35.map...
2017-11-21 16:41:21,553+0800 INFO  mkfntmap - Writing D:\texmfs/data\dvips\config\builtin35.map...
2017-11-21 16:41:21,553+0800 INFO  mkfntmap - Writing D:\texmfs/data\dvips\config\psfonts_t1.map...
2017-11-21 16:41:21,569+0800 INFO  mkfntmap - Writing D:\texmfs/data\dvips\config\psfonts_pk.map...
2017-11-21 16:41:21,569+0800 INFO  mkfntmap - Writing D:\texmfs/data\pdftex\config\pdftex_ndl14.map...
2017-11-21 16:41:21,589+0800 INFO  mkfntmap - Writing D:\texmfs/data\pdftex\config\pdftex_dl14.map...
2017-11-21 16:41:21,595+0800 INFO  mkfntmap - Writing D:\texmfs/data\dvipdfm\config\dvipdfm_dl14.map...
2017-11-21 16:41:21,601+0800 INFO  mkfntmap - Writing D:\texmfs/data\dvipdfm\config\dvipdfm_ndl14.map...
2017-11-21 16:41:21,608+0800 INFO  mkfntmap - Copying D:\texmfs/data\dvips\config\psfonts_t1.map
2017-11-21 16:41:21,608+0800 INFO  mkfntmap -      to D:\texmfs/data\dvips\config\psfonts.map...
2017-11-21 16:41:21,610+0800 INFO  mkfntmap - Copying D:\texmfs/data\dvipdfm\config\dvipdfm_dl14.map
2017-11-21 16:41:21,610+0800 INFO  mkfntmap -      to D:\texmfs/data\dvipdfm\config\dvipdfm.map...
2017-11-21 16:41:21,611+0800 INFO  mkfntmap - Copying D:\texmfs/data\pdftex\config\pdftex_dl14.map
2017-11-21 16:41:21,611+0800 INFO  mkfntmap -      to D:\texmfs/data\pdftex\config\pdftex.map...
2017-11-21 16:41:21,622+0800 INFO  mkfntmap - running: fc-cache 
2017-11-21 17:45:16,354+0800 INFO  mkfntmap - starting with command line: 
2017-11-21 17:45:16,479+0800 INFO  mkfntmap - Parsing config file D:\texmfs\install\miktex\config\updmap.cfg...
2017-11-21 17:45:16,620+0800 INFO  mkfntmap - Parsing D:\texmfs\install\fonts\map\dvips\tetex\dvips35.map...
2017-11-21 17:45:16,668+0800 INFO  mkfntmap - Parsing D:\texmfs\install\fonts\map\dvips\tetex\pdftex35.map...
2017-11-21 17:45:16,684+0800 INFO  mkfntmap - Parsing D:\texmfs\install\fonts\map\dvips\tetex\dvipdfm35.map...
2017-11-21 17:45:16,715+0800 INFO  mkfntmap - Parsing D:\texmfs\install\fonts\map\dvips\tetex\ps2pk35.map...
2017-11-21 17:45:16,762+0800 INFO  mkfntmap - Parsing D:\texmfs\install\fonts\map\dvips\amsfonts\cm.map...
2017-11-21 17:45:16,793+0800 INFO  mkfntmap - Parsing D:\texmfs\install\fonts\map\dvips\amsfonts\cmextra.map...
2017-11-21 17:45:16,793+0800 INFO  mkfntmap - Parsing D:\texmfs\install\fonts\map\dvips\amsfonts\cyrillic.map...
2017-11-21 17:45:16,825+0800 INFO  mkfntmap - Parsing D:\texmfs\install\fonts\map\dvips\amsfonts\euler.map...
2017-11-21 17:45:16,918+0800 INFO  mkfntmap - Parsing D:\texmfs\install\dvips\eurosym\eurosym.map...
2017-11-21 17:45:16,934+0800 INFO  mkfntmap - Parsing D:\texmfs\install\fonts\map\dvips\amsfonts\latxfont.map...
2017-11-21 17:45:16,950+0800 INFO  mkfntmap - Parsing D:\texmfs\install\fonts\map\dvips\mflogo-font\mflogo.map...
2017-11-21 17:45:16,981+0800 INFO  mkfntmap - Parsing D:\texmfs\install\fonts\map\dvips\rsfs\rsfs.map...
2017-11-21 17:45:16,981+0800 INFO  mkfntmap - Parsing D:\texmfs\install\fonts\map\dvips\amsfonts\symbols.map...
2017-11-21 17:45:16,996+0800 INFO  mkfntmap - Parsing D:\texmfs\install\fonts\map\dvips\xypic\xypic.map...
2017-11-21 17:45:17,043+0800 INFO  mkfntmap - Parsing D:\texmfs\install\fonts\map\dvips\psnfss\charter.map...
2017-11-21 17:45:17,059+0800 INFO  mkfntmap - Parsing D:\texmfs\install\fonts\map\dvips\psnfss\fpls.map...
2017-11-21 17:45:17,090+0800 INFO  mkfntmap - Parsing D:\texmfs\install\fonts\map\dvips\lm\lm.map...
2017-11-21 17:45:17,137+0800 INFO  mkfntmap - Parsing D:\texmfs\install\fonts\map\dvips\psnfss\pazo.map...
2017-11-21 17:45:17,137+0800 INFO  mkfntmap - Parsing D:\texmfs\install\fonts\map\dvips\pslatex\pcrr8rn.map...
2017-11-21 17:45:17,137+0800 INFO  mkfntmap - Parsing D:\texmfs\install\fonts\map\dvips\psnfss\psnfss.map...
2017-11-21 17:45:17,184+0800 INFO  mkfntmap - Parsing D:\texmfs\install\fonts\map\dvips\avantgar\uag.map...
2017-11-21 17:45:17,215+0800 INFO  mkfntmap - Parsing D:\texmfs\install\fonts\map\dvips\bookman\ubk.map...
2017-11-21 17:45:17,215+0800 INFO  mkfntmap - Parsing D:\texmfs\install\fonts\map\dvips\courier\ucr.map...
2017-11-21 17:45:17,215+0800 INFO  mkfntmap - Parsing D:\texmfs\install\fonts\map\dvips\helvetic\uhv.map...
2017-11-21 17:45:17,231+0800 INFO  mkfntmap - Parsing D:\texmfs\install\fonts\map\dvips\ncntrsbk\unc.map...
2017-11-21 17:45:17,231+0800 INFO  mkfntmap - Parsing D:\texmfs\install\fonts\map\dvips\palatino\upl.map...
2017-11-21 17:45:17,231+0800 INFO  mkfntmap - Parsing D:\texmfs\install\fonts\map\dvips\times\utm.map...
2017-11-21 17:45:17,246+0800 INFO  mkfntmap - Parsing D:\texmfs\install\fonts\map\dvips\psnfss\utopia.map...
2017-11-21 17:45:17,246+0800 INFO  mkfntmap - Parsing D:\texmfs\install\fonts\map\dvips\zapfchan\uzc.map...
2017-11-21 17:45:17,246+0800 INFO  mkfntmap - Parsing D:\texmfs\install\fonts\map\dvips\zapfding\uzd.map...
2017-11-21 17:45:17,246+0800 INFO  mkfntmap - Writing D:\texmfs/data\dvips\config\ps2pk.map...
2017-11-21 17:45:17,262+0800 INFO  mkfntmap - Writing D:\texmfs/data\dvips\config\download35.map...
2017-11-21 17:45:17,262+0800 INFO  mkfntmap - Writing D:\texmfs/data\dvips\config\builtin35.map...
2017-11-21 17:45:17,278+0800 INFO  mkfntmap - Writing D:\texmfs/data\dvips\config\psfonts_t1.map...
2017-11-21 17:45:17,293+0800 INFO  mkfntmap - Writing D:\texmfs/data\dvips\config\psfonts_pk.map...
2017-11-21 17:45:17,309+0800 INFO  mkfntmap - Writing D:\texmfs/data\pdftex\config\pdftex_ndl14.map...
2017-11-21 17:45:17,325+0800 INFO  mkfntmap - Writing D:\texmfs/data\pdftex\config\pdftex_dl14.map...
2017-11-21 17:45:17,356+0800 INFO  mkfntmap - Writing D:\texmfs/data\dvipdfm\config\dvipdfm_dl14.map...
2017-11-21 17:45:17,371+0800 INFO  mkfntmap - Writing D:\texmfs/data\dvipdfm\config\dvipdfm_ndl14.map...
2017-11-21 17:45:17,371+0800 INFO  mkfntmap - Copying D:\texmfs/data\dvips\config\psfonts_t1.map
2017-11-21 17:45:17,371+0800 INFO  mkfntmap -      to D:\texmfs/data\dvips\config\psfonts.map...
2017-11-21 17:45:17,371+0800 INFO  mkfntmap - Copying D:\texmfs/data\dvipdfm\config\dvipdfm_dl14.map
2017-11-21 17:45:17,371+0800 INFO  mkfntmap -      to D:\texmfs/data\dvipdfm\config\dvipdfm.map...
2017-11-21 17:45:17,403+0800 INFO  mkfntmap - Copying D:\texmfs/data\pdftex\config\pdftex_dl14.map
2017-11-21 17:45:17,403+0800 INFO  mkfntmap -      to D:\texmfs/data\pdftex\config\pdftex.map...
2017-11-21 17:45:17,529+0800 INFO  mkfntmap - running: fc-cache 
2017-11-21 17:46:33,589+0800 INFO  mkfntmap - starting with command line: 
2017-11-21 17:46:33,589+0800 INFO  mkfntmap - Parsing config file D:\texmfs\install\miktex\config\updmap.cfg...
2017-11-21 17:46:33,589+0800 INFO  mkfntmap - Parsing D:\texmfs\install\fonts\map\dvips\tetex\dvips35.map...
2017-11-21 17:46:33,589+0800 INFO  mkfntmap - Parsing D:\texmfs\install\fonts\map\dvips\tetex\pdftex35.map...
2017-11-21 17:46:33,605+0800 INFO  mkfntmap - Parsing D:\texmfs\install\fonts\map\dvips\tetex\dvipdfm35.map...
2017-11-21 17:46:33,605+0800 INFO  mkfntmap - Parsing D:\texmfs\install\fonts\map\dvips\tetex\ps2pk35.map...
2017-11-21 17:46:33,605+0800 INFO  mkfntmap - Parsing D:\texmfs\install\fonts\map\dvips\amsfonts\cm.map...
2017-11-21 17:46:33,605+0800 INFO  mkfntmap - Parsing D:\texmfs\install\fonts\map\dvips\amsfonts\cmextra.map...
2017-11-21 17:46:33,605+0800 INFO  mkfntmap - Parsing D:\texmfs\install\fonts\map\dvips\amsfonts\cyrillic.map...
2017-11-21 17:46:33,605+0800 INFO  mkfntmap - Parsing D:\texmfs\install\fonts\map\dvips\amsfonts\euler.map...
2017-11-21 17:46:33,605+0800 INFO  mkfntmap - Parsing D:\texmfs\install\dvips\eurosym\eurosym.map...
2017-11-21 17:46:33,605+0800 INFO  mkfntmap - Parsing D:\texmfs\install\fonts\map\dvips\amsfonts\latxfont.map...
2017-11-21 17:46:33,605+0800 INFO  mkfntmap - Parsing D:\texmfs\install\fonts\map\dvips\mflogo-font\mflogo.map...
2017-11-21 17:46:33,605+0800 INFO  mkfntmap - Parsing D:\texmfs\install\fonts\map\dvips\rsfs\rsfs.map...
2017-11-21 17:46:33,621+0800 INFO  mkfntmap - Parsing D:\texmfs\install\fonts\map\dvips\amsfonts\symbols.map...
2017-11-21 17:46:33,621+0800 INFO  mkfntmap - Parsing D:\texmfs\install\fonts\map\dvips\xypic\xypic.map...
2017-11-21 17:46:33,636+0800 INFO  mkfntmap - Parsing D:\texmfs\install\fonts\map\dvips\psnfss\charter.map...
2017-11-21 17:46:33,636+0800 INFO  mkfntmap - Parsing D:\texmfs\install\fonts\map\dvips\psnfss\fpls.map...
2017-11-21 17:46:33,636+0800 INFO  mkfntmap - Parsing D:\texmfs\install\fonts\map\dvips\lm\lm.map...
2017-11-21 17:46:33,652+0800 INFO  mkfntmap - Parsing D:\texmfs\install\fonts\map\dvips\psnfss\pazo.map...
2017-11-21 17:46:33,652+0800 INFO  mkfntmap - Parsing D:\texmfs\install\fonts\map\dvips\pslatex\pcrr8rn.map...
2017-11-21 17:46:33,652+0800 INFO  mkfntmap - Parsing D:\texmfs\install\fonts\map\dvips\psnfss\psnfss.map...
2017-11-21 17:46:33,652+0800 INFO  mkfntmap - Parsing D:\texmfs\install\fonts\map\dvips\avantgar\uag.map...
2017-11-21 17:46:33,652+0800 INFO  mkfntmap - Parsing D:\texmfs\install\fonts\map\dvips\bookman\ubk.map...
2017-11-21 17:46:33,652+0800 INFO  mkfntmap - Parsing D:\texmfs\install\fonts\map\dvips\courier\ucr.map...
2017-11-21 17:46:33,652+0800 INFO  mkfntmap - Parsing D:\texmfs\install\fonts\map\dvips\helvetic\uhv.map...
2017-11-21 17:46:33,652+0800 INFO  mkfntmap - Parsing D:\texmfs\install\fonts\map\dvips\ncntrsbk\unc.map...
2017-11-21 17:46:33,667+0800 INFO  mkfntmap - Parsing D:\texmfs\install\fonts\map\dvips\palatino\upl.map...
2017-11-21 17:46:33,667+0800 INFO  mkfntmap - Parsing D:\texmfs\install\fonts\map\dvips\times\utm.map...
2017-11-21 17:46:33,667+0800 INFO  mkfntmap - Parsing D:\texmfs\install\fonts\map\dvips\psnfss\utopia.map...
2017-11-21 17:46:33,667+0800 INFO  mkfntmap - Parsing D:\texmfs\install\fonts\map\dvips\zapfchan\uzc.map...
2017-11-21 17:46:33,667+0800 INFO  mkfntmap - Parsing D:\texmfs\install\fonts\map\dvips\zapfding\uzd.map...
2017-11-21 17:46:33,667+0800 INFO  mkfntmap - Writing D:\texmfs/data\dvips\config\ps2pk.map...
2017-11-21 17:46:33,667+0800 INFO  mkfntmap - Writing D:\texmfs/data\dvips\config\download35.map...
2017-11-21 17:46:33,667+0800 INFO  mkfntmap - Writing D:\texmfs/data\dvips\config\builtin35.map...
2017-11-21 17:46:33,683+0800 INFO  mkfntmap - Writing D:\texmfs/data\dvips\config\psfonts_t1.map...
2017-11-21 17:46:33,683+0800 INFO  mkfntmap - Writing D:\texmfs/data\dvips\config\psfonts_pk.map...
2017-11-21 17:46:33,683+0800 INFO  mkfntmap - Writing D:\texmfs/data\pdftex\config\pdftex_ndl14.map...
2017-11-21 17:46:33,699+0800 INFO  mkfntmap - Writing D:\texmfs/data\pdftex\config\pdftex_dl14.map...
2017-11-21 17:46:33,699+0800 INFO  mkfntmap - Writing D:\texmfs/data\dvipdfm\config\dvipdfm_dl14.map...
2017-11-21 17:46:33,714+0800 INFO  mkfntmap - Writing D:\texmfs/data\dvipdfm\config\dvipdfm_ndl14.map...
2017-11-21 17:46:33,714+0800 INFO  mkfntmap - Copying D:\texmfs/data\dvips\config\psfonts_t1.map
2017-11-21 17:46:33,714+0800 INFO  mkfntmap -      to D:\texmfs/data\dvips\config\psfonts.map...
2017-11-21 17:46:33,714+0800 INFO  mkfntmap - Copying D:\texmfs/data\dvipdfm\config\dvipdfm_dl14.map
2017-11-21 17:46:33,714+0800 INFO  mkfntmap -      to D:\texmfs/data\dvipdfm\config\dvipdfm.map...
2017-11-21 17:46:33,714+0800 INFO  mkfntmap - Copying D:\texmfs/data\pdftex\config\pdftex_dl14.map
2017-11-21 17:46:33,714+0800 INFO  mkfntmap -      to D:\texmfs/data\pdftex\config\pdftex.map...
2017-11-21 17:46:33,730+0800 INFO  mkfntmap - running: fc-cache 
2017-11-21 17:49:33,722+0800 INFO  mkfntmap - starting with command line: 
2017-11-21 17:49:33,722+0800 INFO  mkfntmap - Parsing config file D:\texmfs\install\miktex\config\updmap.cfg...
2017-11-21 17:49:33,722+0800 INFO  mkfntmap - Parsing D:\texmfs\install\fonts\map\dvips\tetex\dvips35.map...
2017-11-21 17:49:33,722+0800 INFO  mkfntmap - Parsing D:\texmfs\install\fonts\map\dvips\tetex\pdftex35.map...
2017-11-21 17:49:33,722+0800 INFO  mkfntmap - Parsing D:\texmfs\install\fonts\map\dvips\tetex\dvipdfm35.map...
2017-11-21 17:49:33,722+0800 INFO  mkfntmap - Parsing D:\texmfs\install\fonts\map\dvips\tetex\ps2pk35.map...
2017-11-21 17:49:33,738+0800 INFO  mkfntmap - Parsing D:\texmfs\install\fonts\map\dvips\amsfonts\cm.map...
2017-11-21 17:49:33,738+0800 INFO  mkfntmap - Parsing D:\texmfs\install\fonts\map\dvips\amsfonts\cmextra.map...
2017-11-21 17:49:33,738+0800 INFO  mkfntmap - Parsing D:\texmfs\install\fonts\map\dvips\amsfonts\cyrillic.map...
2017-11-21 17:49:33,738+0800 INFO  mkfntmap - Parsing D:\texmfs\install\fonts\map\dvips\amsfonts\euler.map...
2017-11-21 17:49:33,738+0800 INFO  mkfntmap - Parsing D:\texmfs\install\dvips\eurosym\eurosym.map...
2017-11-21 17:49:33,754+0800 INFO  mkfntmap - Parsing D:\texmfs\install\fonts\map\dvips\amsfonts\latxfont.map...
2017-11-21 17:49:33,754+0800 INFO  mkfntmap - Parsing D:\texmfs\install\fonts\map\dvips\mflogo-font\mflogo.map...
2017-11-21 17:49:33,754+0800 INFO  mkfntmap - Parsing D:\texmfs\install\fonts\map\dvips\rsfs\rsfs.map...
2017-11-21 17:49:33,754+0800 INFO  mkfntmap - Parsing D:\texmfs\install\fonts\map\dvips\amsfonts\symbols.map...
2017-11-21 17:49:33,754+0800 INFO  mkfntmap - Parsing D:\texmfs\install\fonts\map\dvips\xypic\xypic.map...
2017-11-21 17:49:33,769+0800 INFO  mkfntmap - Parsing D:\texmfs\install\fonts\map\dvips\psnfss\charter.map...
2017-11-21 17:49:33,769+0800 INFO  mkfntmap - Parsing D:\texmfs\install\fonts\map\dvips\psnfss\fpls.map...
2017-11-21 17:49:33,769+0800 INFO  mkfntmap - Parsing D:\texmfs\install\fonts\map\dvips\lm\lm.map...
2017-11-21 17:49:33,785+0800 INFO  mkfntmap - Parsing D:\texmfs\install\fonts\map\dvips\psnfss\pazo.map...
2017-11-21 17:49:33,785+0800 INFO  mkfntmap - Parsing D:\texmfs\install\fonts\map\dvips\pslatex\pcrr8rn.map...
2017-11-21 17:49:33,785+0800 INFO  mkfntmap - Parsing D:\texmfs\install\fonts\map\dvips\psnfss\psnfss.map...
2017-11-21 17:49:33,801+0800 INFO  mkfntmap - Parsing D:\texmfs\install\fonts\map\dvips\avantgar\uag.map...
2017-11-21 17:49:33,801+0800 INFO  mkfntmap - Parsing D:\texmfs\install\fonts\map\dvips\bookman\ubk.map...
2017-11-21 17:49:33,801+0800 INFO  mkfntmap - Parsing D:\texmfs\install\fonts\map\dvips\courier\ucr.map...
2017-11-21 17:49:33,801+0800 INFO  mkfntmap - Parsing D:\texmfs\install\fonts\map\dvips\helvetic\uhv.map...
2017-11-21 17:49:33,801+0800 INFO  mkfntmap - Parsing D:\texmfs\install\fonts\map\dvips\ncntrsbk\unc.map...
2017-11-21 17:49:33,801+0800 INFO  mkfntmap - Parsing D:\texmfs\install\fonts\map\dvips\palatino\upl.map...
2017-11-21 17:49:33,801+0800 INFO  mkfntmap - Parsing D:\texmfs\install\fonts\map\dvips\times\utm.map...
2017-11-21 17:49:33,801+0800 INFO  mkfntmap - Parsing D:\texmfs\install\fonts\map\dvips\psnfss\utopia.map...
2017-11-21 17:49:33,801+0800 INFO  mkfntmap - Parsing D:\texmfs\install\fonts\map\dvips\zapfchan\uzc.map...
2017-11-21 17:49:33,801+0800 INFO  mkfntmap - Parsing D:\texmfs\install\fonts\map\dvips\zapfding\uzd.map...
2017-11-21 17:49:33,801+0800 INFO  mkfntmap - Writing D:\texmfs/data\dvips\config\ps2pk.map...
2017-11-21 17:49:33,801+0800 INFO  mkfntmap - Writing D:\texmfs/data\dvips\config\download35.map...
2017-11-21 17:49:33,816+0800 INFO  mkfntmap - Writing D:\texmfs/data\dvips\config\builtin35.map...
2017-11-21 17:49:33,816+0800 INFO  mkfntmap - Writing D:\texmfs/data\dvips\config\psfonts_t1.map...
2017-11-21 17:49:33,816+0800 INFO  mkfntmap - Writing D:\texmfs/data\dvips\config\psfonts_pk.map...
2017-11-21 17:49:33,832+0800 INFO  mkfntmap - Writing D:\texmfs/data\pdftex\config\pdftex_ndl14.map...
2017-11-21 17:49:33,832+0800 INFO  mkfntmap - Writing D:\texmfs/data\pdftex\config\pdftex_dl14.map...
2017-11-21 17:49:33,832+0800 INFO  mkfntmap - Writing D:\texmfs/data\dvipdfm\config\dvipdfm_dl14.map...
2017-11-21 17:49:33,847+0800 INFO  mkfntmap - Writing D:\texmfs/data\dvipdfm\config\dvipdfm_ndl14.map...
2017-11-21 17:49:33,847+0800 INFO  mkfntmap - Copying D:\texmfs/data\dvips\config\psfonts_t1.map
2017-11-21 17:49:33,847+0800 INFO  mkfntmap -      to D:\texmfs/data\dvips\config\psfonts.map...
2017-11-21 17:49:33,847+0800 INFO  mkfntmap - Copying D:\texmfs/data\dvipdfm\config\dvipdfm_dl14.map
2017-11-21 17:49:33,847+0800 INFO  mkfntmap -      to D:\texmfs/data\dvipdfm\config\dvipdfm.map...
2017-11-21 17:49:33,847+0800 INFO  mkfntmap - Copying D:\texmfs/data\pdftex\config\pdftex_dl14.map
2017-11-21 17:49:33,847+0800 INFO  mkfntmap -      to D:\texmfs/data\pdftex\config\pdftex.map...
2017-11-21 17:49:33,863+0800 INFO  mkfntmap - running: fc-cache 
2017-11-21 17:50:39,026+0800 INFO  mkfntmap - starting with command line: 
2017-11-21 17:50:39,026+0800 INFO  mkfntmap - Parsing config file D:\texmfs\install\miktex\config\updmap.cfg...
2017-11-21 17:50:39,026+0800 INFO  mkfntmap - Parsing D:\texmfs\install\fonts\map\dvips\tetex\dvips35.map...
2017-11-21 17:50:39,026+0800 INFO  mkfntmap - Parsing D:\texmfs\install\fonts\map\dvips\tetex\pdftex35.map...
2017-11-21 17:50:39,026+0800 INFO  mkfntmap - Parsing D:\texmfs\install\fonts\map\dvips\tetex\dvipdfm35.map...
2017-11-21 17:50:39,026+0800 INFO  mkfntmap - Parsing D:\texmfs\install\fonts\map\dvips\tetex\ps2pk35.map...
2017-11-21 17:50:39,026+0800 INFO  mkfntmap - Parsing D:\texmfs\install\fonts\map\dvips\amsfonts\cm.map...
2017-11-21 17:50:39,026+0800 INFO  mkfntmap - Parsing D:\texmfs\install\fonts\map\dvips\amsfonts\cmextra.map...
2017-11-21 17:50:39,041+0800 INFO  mkfntmap - Parsing D:\texmfs\install\fonts\map\dvips\amsfonts\cyrillic.map...
2017-11-21 17:50:39,041+0800 INFO  mkfntmap - Parsing D:\texmfs\install\fonts\map\dvips\amsfonts\euler.map...
2017-11-21 17:50:39,041+0800 INFO  mkfntmap - Parsing D:\texmfs\install\dvips\eurosym\eurosym.map...
2017-11-21 17:50:39,041+0800 INFO  mkfntmap - Parsing D:\texmfs\install\fonts\map\dvips\amsfonts\latxfont.map...
2017-11-21 17:50:39,041+0800 INFO  mkfntmap - Parsing D:\texmfs\install\fonts\map\dvips\mflogo-font\mflogo.map...
2017-11-21 17:50:39,041+0800 INFO  mkfntmap - Parsing D:\texmfs\install\fonts\map\dvips\rsfs\rsfs.map...
2017-11-21 17:50:39,041+0800 INFO  mkfntmap - Parsing D:\texmfs\install\fonts\map\dvips\amsfonts\symbols.map...
2017-11-21 17:50:39,041+0800 INFO  mkfntmap - Parsing D:\texmfs\install\fonts\map\dvips\xypic\xypic.map...
2017-11-21 17:50:39,057+0800 INFO  mkfntmap - Parsing D:\texmfs\install\fonts\map\dvips\psnfss\charter.map...
2017-11-21 17:50:39,057+0800 INFO  mkfntmap - Parsing D:\texmfs\install\fonts\map\dvips\psnfss\fpls.map...
2017-11-21 17:50:39,073+0800 INFO  mkfntmap - Parsing D:\texmfs\install\fonts\map\dvips\lm\lm.map...
2017-11-21 17:50:39,073+0800 INFO  mkfntmap - Parsing D:\texmfs\install\fonts\map\dvips\psnfss\pazo.map...
2017-11-21 17:50:39,073+0800 INFO  mkfntmap - Parsing D:\texmfs\install\fonts\map\dvips\pslatex\pcrr8rn.map...
2017-11-21 17:50:39,073+0800 INFO  mkfntmap - Parsing D:\texmfs\install\fonts\map\dvips\psnfss\psnfss.map...
2017-11-21 17:50:39,088+0800 INFO  mkfntmap - Parsing D:\texmfs\install\fonts\map\dvips\avantgar\uag.map...
2017-11-21 17:50:39,088+0800 INFO  mkfntmap - Parsing D:\texmfs\install\fonts\map\dvips\bookman\ubk.map...
2017-11-21 17:50:39,088+0800 INFO  mkfntmap - Parsing D:\texmfs\install\fonts\map\dvips\courier\ucr.map...
2017-11-21 17:50:39,088+0800 INFO  mkfntmap - Parsing D:\texmfs\install\fonts\map\dvips\helvetic\uhv.map...
2017-11-21 17:50:39,088+0800 INFO  mkfntmap - Parsing D:\texmfs\install\fonts\map\dvips\ncntrsbk\unc.map...
2017-11-21 17:50:39,088+0800 INFO  mkfntmap - Parsing D:\texmfs\install\fonts\map\dvips\palatino\upl.map...
2017-11-21 17:50:39,088+0800 INFO  mkfntmap - Parsing D:\texmfs\install\fonts\map\dvips\times\utm.map...
2017-11-21 17:50:39,088+0800 INFO  mkfntmap - Parsing D:\texmfs\install\fonts\map\dvips\psnfss\utopia.map...
2017-11-21 17:50:39,088+0800 INFO  mkfntmap - Parsing D:\texmfs\install\fonts\map\dvips\zapfchan\uzc.map...
2017-11-21 17:50:39,088+0800 INFO  mkfntmap - Parsing D:\texmfs\install\fonts\map\dvips\zapfding\uzd.map...
2017-11-21 17:50:39,088+0800 INFO  mkfntmap - Writing D:\texmfs/data\dvips\config\ps2pk.map...
2017-11-21 17:50:39,088+0800 INFO  mkfntmap - Writing D:\texmfs/data\dvips\config\download35.map...
2017-11-21 17:50:39,104+0800 INFO  mkfntmap - Writing D:\texmfs/data\dvips\config\builtin35.map...
2017-11-21 17:50:39,104+0800 INFO  mkfntmap - Writing D:\texmfs/data\dvips\config\psfonts_t1.map...
2017-11-21 17:50:39,104+0800 INFO  mkfntmap - Writing D:\texmfs/data\dvips\config\psfonts_pk.map...
2017-11-21 17:50:39,119+0800 INFO  mkfntmap - Writing D:\texmfs/data\pdftex\config\pdftex_ndl14.map...
2017-11-21 17:50:39,119+0800 INFO  mkfntmap - Writing D:\texmfs/data\pdftex\config\pdftex_dl14.map...
2017-11-21 17:50:39,135+0800 INFO  mkfntmap - Writing D:\texmfs/data\dvipdfm\config\dvipdfm_dl14.map...
2017-11-21 17:50:39,135+0800 INFO  mkfntmap - Writing D:\texmfs/data\dvipdfm\config\dvipdfm_ndl14.map...
2017-11-21 17:50:39,135+0800 INFO  mkfntmap - Copying D:\texmfs/data\dvips\config\psfonts_t1.map
2017-11-21 17:50:39,135+0800 INFO  mkfntmap -      to D:\texmfs/data\dvips\config\psfonts.map...
2017-11-21 17:50:39,135+0800 INFO  mkfntmap - Copying D:\texmfs/data\dvipdfm\config\dvipdfm_dl14.map
2017-11-21 17:50:39,135+0800 INFO  mkfntmap -      to D:\texmfs/data\dvipdfm\config\dvipdfm.map...
2017-11-21 17:50:39,135+0800 INFO  mkfntmap - Copying D:\texmfs/data\pdftex\config\pdftex_dl14.map
2017-11-21 17:50:39,135+0800 INFO  mkfntmap -      to D:\texmfs/data\pdftex\config\pdftex.map...
2017-11-21 17:50:39,151+0800 INFO  mkfntmap - running: fc-cache 
2017-11-21 17:51:08,516+0800 INFO  mkfntmap - starting with command line: 
2017-11-21 17:51:08,516+0800 INFO  mkfntmap - Parsing config file D:\texmfs\install\miktex\config\updmap.cfg...
2017-11-21 17:51:08,516+0800 INFO  mkfntmap - Parsing D:\texmfs\install\fonts\map\dvips\tetex\dvips35.map...
2017-11-21 17:51:08,516+0800 INFO  mkfntmap - Parsing D:\texmfs\install\fonts\map\dvips\tetex\pdftex35.map...
2017-11-21 17:51:08,516+0800 INFO  mkfntmap - Parsing D:\texmfs\install\fonts\map\dvips\tetex\dvipdfm35.map...
2017-11-21 17:51:08,516+0800 INFO  mkfntmap - Parsing D:\texmfs\install\fonts\map\dvips\tetex\ps2pk35.map...
2017-11-21 17:51:08,531+0800 INFO  mkfntmap - Parsing D:\texmfs\install\fonts\map\dvips\amsfonts\cm.map...
2017-11-21 17:51:08,531+0800 INFO  mkfntmap - Parsing D:\texmfs\install\fonts\map\dvips\amsfonts\cmextra.map...
2017-11-21 17:51:08,531+0800 INFO  mkfntmap - Parsing D:\texmfs\install\fonts\map\dvips\amsfonts\cyrillic.map...
2017-11-21 17:51:08,531+0800 INFO  mkfntmap - Parsing D:\texmfs\install\fonts\map\dvips\amsfonts\euler.map...
2017-11-21 17:51:08,531+0800 INFO  mkfntmap - Parsing D:\texmfs\install\dvips\eurosym\eurosym.map...
2017-11-21 17:51:08,531+0800 INFO  mkfntmap - Parsing D:\texmfs\install\fonts\map\dvips\amsfonts\latxfont.map...
2017-11-21 17:51:08,531+0800 INFO  mkfntmap - Parsing D:\texmfs\install\fonts\map\dvips\mflogo-font\mflogo.map...
2017-11-21 17:51:08,531+0800 INFO  mkfntmap - Parsing D:\texmfs\install\fonts\map\dvips\rsfs\rsfs.map...
2017-11-21 17:51:08,531+0800 INFO  mkfntmap - Parsing D:\texmfs\install\fonts\map\dvips\amsfonts\symbols.map...
2017-11-21 17:51:08,531+0800 INFO  mkfntmap - Parsing D:\texmfs\install\fonts\map\dvips\xypic\xypic.map...
2017-11-21 17:51:08,547+0800 INFO  mkfntmap - Parsing D:\texmfs\install\fonts\map\dvips\psnfss\charter.map...
2017-11-21 17:51:08,562+0800 INFO  mkfntmap - Parsing D:\texmfs\install\fonts\map\dvips\psnfss\fpls.map...
2017-11-21 17:51:08,562+0800 INFO  mkfntmap - Parsing D:\texmfs\install\fonts\map\dvips\lm\lm.map...
2017-11-21 17:51:08,578+0800 INFO  mkfntmap - Parsing D:\texmfs\install\fonts\map\dvips\psnfss\pazo.map...
2017-11-21 17:51:08,578+0800 INFO  mkfntmap - Parsing D:\texmfs\install\fonts\map\dvips\pslatex\pcrr8rn.map...
2017-11-21 17:51:08,578+0800 INFO  mkfntmap - Parsing D:\texmfs\install\fonts\map\dvips\psnfss\psnfss.map...
2017-11-21 17:51:08,578+0800 INFO  mkfntmap - Parsing D:\texmfs\install\fonts\map\dvips\avantgar\uag.map...
2017-11-21 17:51:08,578+0800 INFO  mkfntmap - Parsing D:\texmfs\install\fonts\map\dvips\bookman\ubk.map...
2017-11-21 17:51:08,578+0800 INFO  mkfntmap - Parsing D:\texmfs\install\fonts\map\dvips\courier\ucr.map...
2017-11-21 17:51:08,578+0800 INFO  mkfntmap - Parsing D:\texmfs\install\fonts\map\dvips\helvetic\uhv.map...
2017-11-21 17:51:08,578+0800 INFO  mkfntmap - Parsing D:\texmfs\install\fonts\map\dvips\ncntrsbk\unc.map...
2017-11-21 17:51:08,578+0800 INFO  mkfntmap - Parsing D:\texmfs\install\fonts\map\dvips\palatino\upl.map...
2017-11-21 17:51:08,578+0800 INFO  mkfntmap - Parsing D:\texmfs\install\fonts\map\dvips\times\utm.map...
2017-11-21 17:51:08,578+0800 INFO  mkfntmap - Parsing D:\texmfs\install\fonts\map\dvips\psnfss\utopia.map...
2017-11-21 17:51:08,578+0800 INFO  mkfntmap - Parsing D:\texmfs\install\fonts\map\dvips\zapfchan\uzc.map...
2017-11-21 17:51:08,578+0800 INFO  mkfntmap - Parsing D:\texmfs\install\fonts\map\dvips\zapfding\uzd.map...
2017-11-21 17:51:08,578+0800 INFO  mkfntmap - Writing D:\texmfs/data\dvips\config\ps2pk.map...
2017-11-21 17:51:08,594+0800 INFO  mkfntmap - Writing D:\texmfs/data\dvips\config\download35.map...
2017-11-21 17:51:08,594+0800 INFO  mkfntmap - Writing D:\texmfs/data\dvips\config\builtin35.map...
2017-11-21 17:51:08,594+0800 INFO  mkfntmap - Writing D:\texmfs/data\dvips\config\psfonts_t1.map...
2017-11-21 17:51:08,609+0800 INFO  mkfntmap - Writing D:\texmfs/data\dvips\config\psfonts_pk.map...
2017-11-21 17:51:08,609+0800 INFO  mkfntmap - Writing D:\texmfs/data\pdftex\config\pdftex_ndl14.map...
2017-11-21 17:51:08,625+0800 INFO  mkfntmap - Writing D:\texmfs/data\pdftex\config\pdftex_dl14.map...
2017-11-21 17:51:08,625+0800 INFO  mkfntmap - Writing D:\texmfs/data\dvipdfm\config\dvipdfm_dl14.map...
2017-11-21 17:51:08,625+0800 INFO  mkfntmap - Writing D:\texmfs/data\dvipdfm\config\dvipdfm_ndl14.map...
2017-11-21 17:51:08,641+0800 INFO  mkfntmap - Copying D:\texmfs/data\dvips\config\psfonts_t1.map
2017-11-21 17:51:08,641+0800 INFO  mkfntmap -      to D:\texmfs/data\dvips\config\psfonts.map...
2017-11-21 17:51:08,641+0800 INFO  mkfntmap - Copying D:\texmfs/data\dvipdfm\config\dvipdfm_dl14.map
2017-11-21 17:51:08,641+0800 INFO  mkfntmap -      to D:\texmfs/data\dvipdfm\config\dvipdfm.map...
2017-11-21 17:51:08,641+0800 INFO  mkfntmap - Copying D:\texmfs/data\pdftex\config\pdftex_dl14.map
2017-11-21 17:51:08,641+0800 INFO  mkfntmap -      to D:\texmfs/data\pdftex\config\pdftex.map...
2017-11-21 17:51:08,641+0800 INFO  mkfntmap - running: fc-cache 
2017-11-21 17:51:36,742+0800 INFO  mkfntmap - starting with command line: 
2017-11-21 17:51:36,742+0800 INFO  mkfntmap - Parsing config file D:\texmfs\install\miktex\config\updmap.cfg...
2017-11-21 17:51:36,758+0800 INFO  mkfntmap - Parsing D:\texmfs\install\fonts\map\dvips\tetex\dvips35.map...
2017-11-21 17:51:36,758+0800 INFO  mkfntmap - Parsing D:\texmfs\install\fonts\map\dvips\tetex\pdftex35.map...
2017-11-21 17:51:36,758+0800 INFO  mkfntmap - Parsing D:\texmfs\install\fonts\map\dvips\tetex\dvipdfm35.map...
2017-11-21 17:51:36,758+0800 INFO  mkfntmap - Parsing D:\texmfs\install\fonts\map\dvips\tetex\ps2pk35.map...
2017-11-21 17:51:36,758+0800 INFO  mkfntmap - Parsing D:\texmfs\install\fonts\map\dvips\amsfonts\cm.map...
2017-11-21 17:51:36,758+0800 INFO  mkfntmap - Parsing D:\texmfs\install\fonts\map\dvips\amsfonts\cmextra.map...
2017-11-21 17:51:36,758+0800 INFO  mkfntmap - Parsing D:\texmfs\install\fonts\map\dvips\amsfonts\cyrillic.map...
2017-11-21 17:51:36,758+0800 INFO  mkfntmap - Parsing D:\texmfs\install\fonts\map\dvips\amsfonts\euler.map...
2017-11-21 17:51:36,758+0800 INFO  mkfntmap - Parsing D:\texmfs\install\dvips\eurosym\eurosym.map...
2017-11-21 17:51:36,758+0800 INFO  mkfntmap - Parsing D:\texmfs\install\fonts\map\dvips\amsfonts\latxfont.map...
2017-11-21 17:51:36,773+0800 INFO  mkfntmap - Parsing D:\texmfs\install\fonts\map\dvips\mflogo-font\mflogo.map...
2017-11-21 17:51:36,773+0800 INFO  mkfntmap - Parsing D:\texmfs\install\fonts\map\dvips\rsfs\rsfs.map...
2017-11-21 17:51:36,773+0800 INFO  mkfntmap - Parsing D:\texmfs\install\fonts\map\dvips\amsfonts\symbols.map...
2017-11-21 17:51:36,773+0800 INFO  mkfntmap - Parsing D:\texmfs\install\fonts\map\dvips\xypic\xypic.map...
2017-11-21 17:51:36,789+0800 INFO  mkfntmap - Parsing D:\texmfs\install\fonts\map\dvips\psnfss\charter.map...
2017-11-21 17:51:36,789+0800 INFO  mkfntmap - Parsing D:\texmfs\install\fonts\map\dvips\psnfss\fpls.map...
2017-11-21 17:51:36,789+0800 INFO  mkfntmap - Parsing D:\texmfs\install\fonts\map\dvips\lm\lm.map...
2017-11-21 17:51:36,805+0800 INFO  mkfntmap - Parsing D:\texmfs\install\fonts\map\dvips\psnfss\pazo.map...
2017-11-21 17:51:36,805+0800 INFO  mkfntmap - Parsing D:\texmfs\install\fonts\map\dvips\pslatex\pcrr8rn.map...
2017-11-21 17:51:36,805+0800 INFO  mkfntmap - Parsing D:\texmfs\install\fonts\map\dvips\psnfss\psnfss.map...
2017-11-21 17:51:36,805+0800 INFO  mkfntmap - Parsing D:\texmfs\install\fonts\map\dvips\avantgar\uag.map...
2017-11-21 17:51:36,805+0800 INFO  mkfntmap - Parsing D:\texmfs\install\fonts\map\dvips\bookman\ubk.map...
2017-11-21 17:51:36,805+0800 INFO  mkfntmap - Parsing D:\texmfs\install\fonts\map\dvips\courier\ucr.map...
2017-11-21 17:51:36,820+0800 INFO  mkfntmap - Parsing D:\texmfs\install\fonts\map\dvips\helvetic\uhv.map...
2017-11-21 17:51:36,820+0800 INFO  mkfntmap - Parsing D:\texmfs\install\fonts\map\dvips\ncntrsbk\unc.map...
2017-11-21 17:51:36,820+0800 INFO  mkfntmap - Parsing D:\texmfs\install\fonts\map\dvips\palatino\upl.map...
2017-11-21 17:51:36,820+0800 INFO  mkfntmap - Parsing D:\texmfs\install\fonts\map\dvips\times\utm.map...
2017-11-21 17:51:36,820+0800 INFO  mkfntmap - Parsing D:\texmfs\install\fonts\map\dvips\psnfss\utopia.map...
2017-11-21 17:51:36,820+0800 INFO  mkfntmap - Parsing D:\texmfs\install\fonts\map\dvips\zapfchan\uzc.map...
2017-11-21 17:51:36,820+0800 INFO  mkfntmap - Parsing D:\texmfs\install\fonts\map\dvips\zapfding\uzd.map...
2017-11-21 17:51:36,820+0800 INFO  mkfntmap - Writing D:\texmfs/data\dvips\config\ps2pk.map...
2017-11-21 17:51:36,820+0800 INFO  mkfntmap - Writing D:\texmfs/data\dvips\config\download35.map...
2017-11-21 17:51:36,820+0800 INFO  mkfntmap - Writing D:\texmfs/data\dvips\config\builtin35.map...
2017-11-21 17:51:36,836+0800 INFO  mkfntmap - Writing D:\texmfs/data\dvips\config\psfonts_t1.map...
2017-11-21 17:51:36,836+0800 INFO  mkfntmap - Writing D:\texmfs/data\dvips\config\psfonts_pk.map...
2017-11-21 17:51:36,851+0800 INFO  mkfntmap - Writing D:\texmfs/data\pdftex\config\pdftex_ndl14.map...
2017-11-21 17:51:36,851+0800 INFO  mkfntmap - Writing D:\texmfs/data\pdftex\config\pdftex_dl14.map...
2017-11-21 17:51:36,851+0800 INFO  mkfntmap - Writing D:\texmfs/data\dvipdfm\config\dvipdfm_dl14.map...
2017-11-21 17:51:36,867+0800 INFO  mkfntmap - Writing D:\texmfs/data\dvipdfm\config\dvipdfm_ndl14.map...
2017-11-21 17:51:36,867+0800 INFO  mkfntmap - Copying D:\texmfs/data\dvips\config\psfonts_t1.map
2017-11-21 17:51:36,867+0800 INFO  mkfntmap -      to D:\texmfs/data\dvips\config\psfonts.map...
2017-11-21 17:51:36,867+0800 INFO  mkfntmap - Copying D:\texmfs/data\dvipdfm\config\dvipdfm_dl14.map
2017-11-21 17:51:36,867+0800 INFO  mkfntmap -      to D:\texmfs/data\dvipdfm\config\dvipdfm.map...
2017-11-21 17:51:36,867+0800 INFO  mkfntmap - Copying D:\texmfs/data\pdftex\config\pdftex_dl14.map
2017-11-21 17:51:36,867+0800 INFO  mkfntmap -      to D:\texmfs/data\pdftex\config\pdftex.map...
2017-11-21 17:51:36,883+0800 INFO  mkfntmap - running: fc-cache 
2017-11-21 17:52:01,877+0800 INFO  mkfntmap - starting with command line: 
2017-11-21 17:52:01,877+0800 INFO  mkfntmap - Parsing config file D:\texmfs\install\miktex\config\updmap.cfg...
2017-11-21 17:52:01,877+0800 INFO  mkfntmap - Parsing D:\texmfs\install\fonts\map\dvips\tetex\dvips35.map...
2017-11-21 17:52:01,877+0800 INFO  mkfntmap - Parsing D:\texmfs\install\fonts\map\dvips\tetex\pdftex35.map...
2017-11-21 17:52:01,877+0800 INFO  mkfntmap - Parsing D:\texmfs\install\fonts\map\dvips\tetex\dvipdfm35.map...
2017-11-21 17:52:01,877+0800 INFO  mkfntmap - Parsing D:\texmfs\install\fonts\map\dvips\tetex\ps2pk35.map...
2017-11-21 17:52:01,892+0800 INFO  mkfntmap - Parsing D:\texmfs\install\fonts\map\dvips\amsfonts\cm.map...
2017-11-21 17:52:01,892+0800 INFO  mkfntmap - Parsing D:\texmfs\install\fonts\map\dvips\amsfonts\cmextra.map...
2017-11-21 17:52:01,892+0800 INFO  mkfntmap - Parsing D:\texmfs\install\fonts\map\dvips\amsfonts\cyrillic.map...
2017-11-21 17:52:01,892+0800 INFO  mkfntmap - Parsing D:\texmfs\install\fonts\map\dvips\amsfonts\euler.map...
2017-11-21 17:52:01,892+0800 INFO  mkfntmap - Parsing D:\texmfs\install\dvips\eurosym\eurosym.map...
2017-11-21 17:52:01,892+0800 INFO  mkfntmap - Parsing D:\texmfs\install\fonts\map\dvips\amsfonts\latxfont.map...
2017-11-21 17:52:01,892+0800 INFO  mkfntmap - Parsing D:\texmfs\install\fonts\map\dvips\mflogo-font\mflogo.map...
2017-11-21 17:52:01,892+0800 INFO  mkfntmap - Parsing D:\texmfs\install\fonts\map\dvips\rsfs\rsfs.map...
2017-11-21 17:52:01,892+0800 INFO  mkfntmap - Parsing D:\texmfs\install\fonts\map\dvips\amsfonts\symbols.map...
2017-11-21 17:52:01,892+0800 INFO  mkfntmap - Parsing D:\texmfs\install\fonts\map\dvips\xypic\xypic.map...
2017-11-21 17:52:01,908+0800 INFO  mkfntmap - Parsing D:\texmfs\install\fonts\map\dvips\psnfss\charter.map...
2017-11-21 17:52:01,924+0800 INFO  mkfntmap - Parsing D:\texmfs\install\fonts\map\dvips\psnfss\fpls.map...
2017-11-21 17:52:01,924+0800 INFO  mkfntmap - Parsing D:\texmfs\install\fonts\map\dvips\lm\lm.map...
2017-11-21 17:52:01,939+0800 INFO  mkfntmap - Parsing D:\texmfs\install\fonts\map\dvips\psnfss\pazo.map...
2017-11-21 17:52:01,939+0800 INFO  mkfntmap - Parsing D:\texmfs\install\fonts\map\dvips\pslatex\pcrr8rn.map...
2017-11-21 17:52:01,939+0800 INFO  mkfntmap - Parsing D:\texmfs\install\fonts\map\dvips\psnfss\psnfss.map...
2017-11-21 17:52:01,939+0800 INFO  mkfntmap - Parsing D:\texmfs\install\fonts\map\dvips\avantgar\uag.map...
2017-11-21 17:52:01,939+0800 INFO  mkfntmap - Parsing D:\texmfs\install\fonts\map\dvips\bookman\ubk.map...
2017-11-21 17:52:01,939+0800 INFO  mkfntmap - Parsing D:\texmfs\install\fonts\map\dvips\courier\ucr.map...
2017-11-21 17:52:01,939+0800 INFO  mkfntmap - Parsing D:\texmfs\install\fonts\map\dvips\helvetic\uhv.map...
2017-11-21 17:52:01,939+0800 INFO  mkfntmap - Parsing D:\texmfs\install\fonts\map\dvips\ncntrsbk\unc.map...
2017-11-21 17:52:01,939+0800 INFO  mkfntmap - Parsing D:\texmfs\install\fonts\map\dvips\palatino\upl.map...
2017-11-21 17:52:01,939+0800 INFO  mkfntmap - Parsing D:\texmfs\install\fonts\map\dvips\times\utm.map...
2017-11-21 17:52:01,939+0800 INFO  mkfntmap - Parsing D:\texmfs\install\fonts\map\dvips\psnfss\utopia.map...
2017-11-21 17:52:01,939+0800 INFO  mkfntmap - Parsing D:\texmfs\install\fonts\map\dvips\zapfchan\uzc.map...
2017-11-21 17:52:01,939+0800 INFO  mkfntmap - Parsing D:\texmfs\install\fonts\map\dvips\zapfding\uzd.map...
2017-11-21 17:52:01,939+0800 INFO  mkfntmap - Writing D:\texmfs/data\dvips\config\ps2pk.map...
2017-11-21 17:52:01,955+0800 INFO  mkfntmap - Writing D:\texmfs/data\dvips\config\download35.map...
2017-11-21 17:52:01,955+0800 INFO  mkfntmap - Writing D:\texmfs/data\dvips\config\builtin35.map...
2017-11-21 17:52:01,955+0800 INFO  mkfntmap - Writing D:\texmfs/data\dvips\config\psfonts_t1.map...
2017-11-21 17:52:01,971+0800 INFO  mkfntmap - Writing D:\texmfs/data\dvips\config\psfonts_pk.map...
2017-11-21 17:52:01,971+0800 INFO  mkfntmap - Writing D:\texmfs/data\pdftex\config\pdftex_ndl14.map...
2017-11-21 17:52:01,971+0800 INFO  mkfntmap - Writing D:\texmfs/data\pdftex\config\pdftex_dl14.map...
2017-11-21 17:52:01,986+0800 INFO  mkfntmap - Writing D:\texmfs/data\dvipdfm\config\dvipdfm_dl14.map...
2017-11-21 17:52:01,986+0800 INFO  mkfntmap - Writing D:\texmfs/data\dvipdfm\config\dvipdfm_ndl14.map...
2017-11-21 17:52:02,002+0800 INFO  mkfntmap - Copying D:\texmfs/data\dvips\config\psfonts_t1.map
2017-11-21 17:52:02,002+0800 INFO  mkfntmap -      to D:\texmfs/data\dvips\config\psfonts.map...
2017-11-21 17:52:02,002+0800 INFO  mkfntmap - Copying D:\texmfs/data\dvipdfm\config\dvipdfm_dl14.map
2017-11-21 17:52:02,002+0800 INFO  mkfntmap -      to D:\texmfs/data\dvipdfm\config\dvipdfm.map...
2017-11-21 17:52:02,002+0800 INFO  mkfntmap - Copying D:\texmfs/data\pdftex\config\pdftex_dl14.map
2017-11-21 17:52:02,002+0800 INFO  mkfntmap -      to D:\texmfs/data\pdftex\config\pdftex.map...
2017-11-21 17:52:02,002+0800 INFO  mkfntmap - running: fc-cache 
