2017-11-21 16:25:30,434+0800 INFO  Update - starting: Update Wizard 2.9.6300 (MiKTeX 2.9.6350)
2017-11-21 16:27:26,992+0800 INFO  FileCopyPage - starting package maintenance...
2017-11-21 16:27:26,992+0800 INFO  FileCopyPage - installation directory: D:\texmfs\install
2017-11-21 16:27:26,992+0800 INFO  FileCopyPage - package repository: ftp://ftp.yzu.edu.tw/CTAN/systems/win32/miktex/tm/packages/
2017-11-21 16:27:27,076+0800 INFO  FileCopyPage - lightweight database digest: 24976442f7e13e918a8516dedc17b30b
2017-11-21 16:27:27,076+0800 INFO  FileCopyPage - going to download 8030889 bytes
2017-11-21 16:27:27,076+0800 INFO  FileCopyPage - going to install 17 file(s) (7 package(s))
2017-11-21 16:27:27,123+0800 INFO  FileCopyPage - downloading ftp://ftp.yzu.edu.tw/CTAN/systems/win32/miktex/tm/packages/miktex-asymptote-bin-2.9.tar.lzma...
2017-11-21 16:27:49,640+0800 INFO  FileCopyPage - 813053 bytes, 35.29 KB/Sec
2017-11-21 16:27:49,642+0800 INFO  FileCopyPage - extracting files from miktex-asymptote-bin-2.9.tar.lzma...
2017-11-21 16:27:49,726+0800 INFO  FileCopyPage - downloading ftp://ftp.yzu.edu.tw/CTAN/systems/win32/miktex/tm/packages/miktex-bin-2.9.tar.lzma...
2017-11-21 16:30:33,695+0800 INFO  FileCopyPage - 6632012 bytes, 39.50 KB/Sec
2017-11-21 16:30:33,717+0800 INFO  FileCopyPage - extracting files from miktex-bin-2.9.tar.lzma...
2017-11-21 16:30:34,320+0800 INFO  FileCopyPage - downloading ftp://ftp.yzu.edu.tw/CTAN/systems/win32/miktex/tm/packages/miktex-harfbuzz-bin-2.9.tar.lzma...
2017-11-21 16:30:39,582+0800 INFO  FileCopyPage - 184694 bytes, 34.28 KB/Sec
2017-11-21 16:30:39,590+0800 INFO  FileCopyPage - extracting files from miktex-harfbuzz-bin-2.9.tar.lzma...
2017-11-21 16:30:39,649+0800 INFO  FileCopyPage - downloading ftp://ftp.yzu.edu.tw/CTAN/systems/win32/miktex/tm/packages/miktex-lacheck-bin-2.9.tar.lzma...
2017-11-21 16:30:41,107+0800 INFO  FileCopyPage - 27821 bytes, 18.66 KB/Sec
2017-11-21 16:30:41,110+0800 INFO  FileCopyPage - extracting files from miktex-lacheck-bin-2.9.tar.lzma...
2017-11-21 16:30:41,164+0800 INFO  FileCopyPage - downloading ftp://ftp.yzu.edu.tw/CTAN/systems/win32/miktex/tm/packages/miktex-mpfr-bin-2.9.tar.lzma...
2017-11-21 16:30:45,209+0800 INFO  FileCopyPage - 166862 bytes, 40.28 KB/Sec
2017-11-21 16:30:45,211+0800 INFO  FileCopyPage - extracting files from miktex-mpfr-bin-2.9.tar.lzma...
2017-11-21 16:30:45,260+0800 INFO  FileCopyPage - downloading ftp://ftp.yzu.edu.tw/CTAN/systems/win32/miktex/tm/packages/miktex-pixman-bin-2.9.tar.lzma...
2017-11-21 16:30:49,973+0800 INFO  FileCopyPage - 188721 bytes, 39.11 KB/Sec
2017-11-21 16:30:49,975+0800 INFO  FileCopyPage - extracting files from miktex-pixman-bin-2.9.tar.lzma...
2017-11-21 16:30:50,018+0800 INFO  FileCopyPage - downloading ftp://ftp.yzu.edu.tw/CTAN/systems/win32/miktex/tm/packages/miktex-potrace-bin-2.9.tar.lzma...
2017-11-21 16:30:51,798+0800 INFO  FileCopyPage - 17726 bytes, 9.73 KB/Sec
2017-11-21 16:30:51,800+0800 INFO  FileCopyPage - extracting files from miktex-potrace-bin-2.9.tar.lzma...
2017-11-21 16:30:51,847+0800 INFO  FileCopyPage - running 'mpm --register-components --verbose'
2017-11-21 16:30:52,205+0800 INFO  FileCopyPage - configuring fontconfig\config\fonts.conf
2017-11-21 16:30:52,211+0800 INFO  FileCopyPage - running 'initexmf --update-fndb --verbose'
2017-11-21 16:30:52,424+0800 INFO  FileCopyPage - Creating fndb for common root directory (D:\texmfs/config)...
2017-11-21 16:30:52,442+0800 INFO  FileCopyPage - Creating fndb for common root directory (D:\texmfs/data)...
2017-11-21 16:30:57,260+0800 INFO  FileCopyPage - Creating fndb for common root directory (D:\texmfs\install)...
2017-11-21 16:30:57,266+0800 INFO  FileCopyPage - running 'initexmf --force --mklinks --verbose'
2017-11-21 16:30:57,588+0800 INFO  FileCopyPage - running 'initexmf --mkmaps --mklangs --verbose'
2017-11-21 16:30:57,752+0800 INFO  FileCopyPage - Creating language.dat, language.dat.lua and language.def...
2017-11-21 16:30:57,752+0800 INFO  FileCopyPage - Parsing config file D:\texmfs\install\miktex\config\updmap.cfg...
2017-11-21 16:30:57,754+0800 INFO  FileCopyPage - Parsing D:\texmfs\install\fonts\map\dvips\tetex\dvips35.map...
2017-11-21 16:30:57,758+0800 INFO  FileCopyPage - Parsing D:\texmfs\install\fonts\map\dvips\tetex\pdftex35.map...
2017-11-21 16:30:57,759+0800 INFO  FileCopyPage - Parsing D:\texmfs\install\fonts\map\dvips\tetex\dvipdfm35.map...
2017-11-21 16:30:57,765+0800 INFO  FileCopyPage - Parsing D:\texmfs\install\fonts\map\dvips\tetex\ps2pk35.map...
2017-11-21 16:30:57,767+0800 INFO  FileCopyPage - Parsing D:\texmfs\install\fonts\map\dvips\amsfonts\cm.map...
2017-11-21 16:30:57,767+0800 INFO  FileCopyPage - Parsing D:\texmfs\install\fonts\map\dvips\amsfonts\cmextra.map...
2017-11-21 16:30:57,769+0800 INFO  FileCopyPage - Parsing D:\texmfs\install\fonts\map\dvips\amsfonts\cyrillic.map...
2017-11-21 16:30:57,771+0800 INFO  FileCopyPage - Parsing D:\texmfs\install\fonts\map\dvips\amsfonts\euler.map...
2017-11-21 16:30:57,771+0800 INFO  FileCopyPage - Parsing D:\texmfs\install\dvips\eurosym\eurosym.map...
2017-11-21 16:30:57,772+0800 INFO  FileCopyPage - Parsing D:\texmfs\install\fonts\map\dvips\amsfonts\latxfont.map...
2017-11-21 16:30:57,774+0800 INFO  FileCopyPage - Parsing D:\texmfs\install\fonts\map\dvips\mflogo-font\mflogo.map...
2017-11-21 16:30:57,775+0800 INFO  FileCopyPage - Parsing D:\texmfs\install\fonts\map\dvips\rsfs\rsfs.map...
2017-11-21 16:30:57,777+0800 INFO  FileCopyPage - Parsing D:\texmfs\install\fonts\map\dvips\amsfonts\symbols.map...
2017-11-21 16:30:57,790+0800 INFO  FileCopyPage - Parsing D:\texmfs\install\fonts\map\dvips\xypic\xypic.map...
2017-11-21 16:30:57,796+0800 INFO  FileCopyPage - Parsing D:\texmfs\install\fonts\map\dvips\psnfss\charter.map...
2017-11-21 16:30:57,811+0800 INFO  FileCopyPage - Parsing D:\texmfs\install\fonts\map\dvips\psnfss\fpls.map...
2017-11-21 16:30:57,811+0800 INFO  FileCopyPage - Parsing D:\texmfs\install\fonts\map\dvips\lm\lm.map...
2017-11-21 16:30:57,813+0800 INFO  FileCopyPage - Parsing D:\texmfs\install\fonts\map\dvips\psnfss\pazo.map...
2017-11-21 16:30:57,813+0800 INFO  FileCopyPage - Parsing D:\texmfs\install\fonts\map\dvips\pslatex\pcrr8rn.map...
2017-11-21 16:30:57,818+0800 INFO  FileCopyPage - Parsing D:\texmfs\install\fonts\map\dvips\psnfss\psnfss.map...
2017-11-21 16:30:57,820+0800 INFO  FileCopyPage - Parsing D:\texmfs\install\fonts\map\dvips\avantgar\uag.map...
2017-11-21 16:30:57,820+0800 INFO  FileCopyPage - Parsing D:\texmfs\install\fonts\map\dvips\bookman\ubk.map...
2017-11-21 16:30:57,820+0800 INFO  FileCopyPage - Parsing D:\texmfs\install\fonts\map\dvips\courier\ucr.map...
2017-11-21 16:30:57,820+0800 INFO  FileCopyPage - Parsing D:\texmfs\install\fonts\map\dvips\helvetic\uhv.map...
2017-11-21 16:30:57,822+0800 INFO  FileCopyPage - Parsing D:\texmfs\install\fonts\map\dvips\ncntrsbk\unc.map...
2017-11-21 16:30:57,824+0800 INFO  FileCopyPage - Parsing D:\texmfs\install\fonts\map\dvips\palatino\upl.map...
2017-11-21 16:30:57,824+0800 INFO  FileCopyPage - Parsing D:\texmfs\install\fonts\map\dvips\times\utm.map...
2017-11-21 16:30:57,824+0800 INFO  FileCopyPage - Parsing D:\texmfs\install\fonts\map\dvips\psnfss\utopia.map...
2017-11-21 16:30:57,826+0800 INFO  FileCopyPage - Parsing D:\texmfs\install\fonts\map\dvips\zapfchan\uzc.map...
2017-11-21 16:30:57,828+0800 INFO  FileCopyPage - Parsing D:\texmfs\install\fonts\map\dvips\zapfding\uzd.map...
2017-11-21 16:30:57,831+0800 INFO  FileCopyPage - Writing D:\texmfs/data\dvips\config\ps2pk.map...
2017-11-21 16:30:57,836+0800 INFO  FileCopyPage - Writing D:\texmfs/data\dvips\config\download35.map...
2017-11-21 16:30:57,840+0800 INFO  FileCopyPage - Writing D:\texmfs/data\dvips\config\builtin35.map...
2017-11-21 16:30:57,854+0800 INFO  FileCopyPage - Writing D:\texmfs/data\dvips\config\psfonts_t1.map...
2017-11-21 16:30:57,854+0800 INFO  FileCopyPage - Writing D:\texmfs/data\dvips\config\psfonts_pk.map...
2017-11-21 16:30:57,860+0800 INFO  FileCopyPage - Writing D:\texmfs/data\pdftex\config\pdftex_ndl14.map...
2017-11-21 16:30:57,866+0800 INFO  FileCopyPage - Writing D:\texmfs/data\pdftex\config\pdftex_dl14.map...
2017-11-21 16:30:57,872+0800 INFO  FileCopyPage - Writing D:\texmfs/data\dvipdfm\config\dvipdfm_dl14.map...
2017-11-21 16:30:57,878+0800 INFO  FileCopyPage - Writing D:\texmfs/data\dvipdfm\config\dvipdfm_ndl14.map...
2017-11-21 16:30:57,878+0800 INFO  FileCopyPage - Copying D:\texmfs/data\dvips\config\psfonts_t1.map
2017-11-21 16:30:57,880+0800 INFO  FileCopyPage -      to D:\texmfs/data\dvips\config\psfonts.map...
2017-11-21 16:30:57,882+0800 INFO  FileCopyPage - Copying D:\texmfs/data\dvipdfm\config\dvipdfm_dl14.map
2017-11-21 16:30:57,882+0800 INFO  FileCopyPage -      to D:\texmfs/data\dvipdfm\config\dvipdfm.map...
2017-11-21 16:30:57,882+0800 INFO  FileCopyPage - Copying D:\texmfs/data\pdftex\config\pdftex_dl14.map
2017-11-21 16:30:58,042+0800 INFO  FileCopyPage -      to D:\texmfs/data\pdftex\config\pdftex.map...
2018-07-23 09:28:53,134+1000 INFO  Update - starting: Update Wizard 2.9.6389 (MiKTeX 2.9.6500)
